<?xml version="1.0" encoding="utf-8"?><testsuites name="pytest tests"><testsuite name="pytest" errors="0" failures="0" skipped="0" tests="443" time="206.130" timestamp="2026-07-30T02:48:34.479356+00:00" hostname="cursor"><testcase classname="backend.tests.architecture.test_import_boundaries" name="test_domain_has_no_infrastructure_or_framework_imports" time="0.043" /><testcase classname="backend.tests.architecture.test_import_boundaries" name="test_application_does_not_import_http_or_orm_models" time="0.080" /><testcase classname="backend.tests.contract.benchmark.test_stage4_bench_runner" name="test_dry_run_benchmark_produces_report" time="0.005" /><testcase classname="backend.tests.contract.benchmark.test_stage4_bench_runner" name="test_candidate_stack_labels_can_dry_simulate_without_url" time="0.006" /><testcase classname="backend.tests.contract.prompts.test_action_proposal_schema" name="test_valid_action_corpus_parses[quiet_mira_wait.json-wait]" time="0.001" /><testcase classname="backend.tests.contract.prompts.test_action_proposal_schema" name="test_valid_action_corpus_parses[quiet_dain_rest.json-rest]" time="0.000" /><testcase classname="backend.tests.contract.prompts.test_action_proposal_schema" name="test_valid_action_corpus_parses[mira_dain_social_communicate.json-communicate]" time="0.000" /><testcase classname="backend.tests.contract.prompts.test_action_proposal_schema" name="test_malformed_and_schema_invalid_corpus_are_rejected" time="0.000" /><testcase classname="backend.tests.contract.prompts.test_action_proposal_schema" name="test_shape_valid_authored_other_reaction_fails_convention_check" time="0.001" /><testcase classname="backend.tests.contract.prompts.test_action_proposal_schema" name="test_resolver_and_narrator_corpus_are_well_formed" time="0.000" /><testcase classname="backend.tests.contract.prompts.test_no_authored_other_reaction" name="test_system_prompts_preserve_stage1_authority_and_knowledge_boundary" time="0.003" /><testcase classname="backend.tests.contract.prompts.test_no_authored_other_reaction" name="test_other_character_reaction_is_rejected_but_open_attempt_is_accepted" time="0.000" /><testcase classname="backend.tests.contract.prompts.test_render_variables" name="test_all_active_prompts_render_from_declared_variables" time="0.009" /><testcase classname="backend.tests.contract.prompts.test_render_variables" name="test_renderer_rejects_unsealed_variables" time="0.004" /><testcase classname="backend.tests.contract.prompts.test_render_variables" name="test_render_hash_covers_prompt_and_variables" time="0.007" /><testcase classname="backend.tests.contract.test_domain_contracts" name="test_fictional_time_ranges" time="0.000" /><testcase classname="backend.tests.contract.test_domain_contracts" name="test_phase_and_scene_run_forbid_extras" time="0.000" /><testcase classname="backend.tests.contract.test_domain_contracts" name="test_effect_union_stage0_and_handbook_kinds" time="0.001" /><testcase classname="backend.tests.contract.test_domain_contracts" name="test_observation_and_memory_ranges" time="0.000" /><testcase classname="backend.tests.contract.test_domain_contracts" name="test_task_run_and_provenance" time="0.000" /><testcase classname="backend.tests.contract.test_domain_contracts" name="test_json_schemas_generate" time="0.061" /><testcase classname="backend.tests.contract.test_domain_contracts" name="test_action_family_enum_includes_stage0" time="0.000" /><testcase classname="backend.tests.contract.test_local_model_gateway" name="test_local_gateway_generate_and_reject_unadvertised_role" time="0.001" /><testcase classname="backend.tests.contract.test_local_model_gateway" name="test_local_gateway_embeddings" time="0.001" /><testcase classname="backend.tests.contract.test_model_gateway_fake" name="test_fake_generate_valid" time="0.001" /><testcase classname="backend.tests.contract.test_model_gateway_fake" name="test_fake_generate_malformed_and_schema" time="0.001" /><testcase classname="backend.tests.contract.test_model_gateway_fake" name="test_fake_generate_429" time="0.001" /><testcase classname="backend.tests.contract.test_model_gateway_fake" name="test_fake_embed_dimension_mismatch" time="0.001" /><testcase classname="backend.tests.contract.test_model_gateway_fake" name="test_fake_routes_corpus_by_request_id_then_role" time="0.001" /><testcase classname="backend.tests.contract.test_model_gateway_fake" name="test_fake_classifies_malformed_corpus" time="0.001" /><testcase classname="backend.tests.fault.test_model_routing_failover" name="test_failover_on_retryable_endpoint_death" time="0.001" /><testcase classname="backend.tests.fault.test_model_routing_failover" name="test_stale_unhealthy_endpoint_skipped" time="0.001" /><testcase classname="backend.tests.fault.test_model_routing_failover" name="test_incompatible_context_filtered" time="0.001" /><testcase classname="backend.tests.fault.test_model_routing_failover" name="test_double_completion_rejected" time="0.001" /><testcase classname="backend.tests.fault.test_model_routing_failover" name="test_spread_replicas_across_hosts" time="0.000" /><testcase classname="backend.tests.fault.test_stage0_faults" name="test_crash_after_snapshot_then_resume_no_duplicate_tick" time="3.377" /><testcase classname="backend.tests.fault.test_stage0_faults" name="test_snapshot_insert_once_is_idempotent" time="1.148" /><testcase classname="backend.tests.integration.test_api_worlds" name="test_world_reads_and_advance" time="1.351" /><testcase classname="backend.tests.integration.test_api_worlds" name="test_missing_world_404" time="1.073" /><testcase classname="backend.tests.integration.test_budget_ledger" name="test_reserve_consume_release_expire" time="0.909" /><testcase classname="backend.tests.integration.test_core_schema_constraints" name="test_core_tables_exist" time="1.018" /><testcase classname="backend.tests.integration.test_core_schema_constraints" name="test_rejects_duplicate_phase_and_idempotency" time="0.990" /><testcase classname="backend.tests.integration.test_core_schema_constraints" name="test_rejects_duplicate_event_sequence_and_effect_index" time="0.984" /><testcase classname="backend.tests.integration.test_core_schema_constraints" name="test_rejects_invalid_resource_ranges" time="0.996" /><testcase classname="backend.tests.integration.test_core_schema_constraints" name="test_rejects_duplicate_user_command_idempotency" time="0.986" /><testcase classname="backend.tests.integration.test_core_schema_constraints" name="test_alembic_head_is_0005" time="0.287" /><testcase classname="backend.tests.integration.test_distributed_workers" name="test_register_worker_is_idempotent" time="0.916" /><testcase classname="backend.tests.integration.test_distributed_workers" name="test_worker_heartbeat" time="0.928" /><testcase classname="backend.tests.integration.test_distributed_workers" name="test_worker_drain_transitions_status" time="0.954" /><testcase classname="backend.tests.integration.test_distributed_workers" name="test_reconcile_resets_lost_worker_tasks" time="0.951" /><testcase classname="backend.tests.integration.test_distributed_workers" name="test_stale_worker_cannot_complete_after_fencing_token_superseded" time="0.961" /><testcase classname="backend.tests.integration.test_distributed_workers" name="test_fencing_token_increments_on_each_claim" time="0.973" /><testcase classname="backend.tests.integration.test_distributed_workers" name="test_migration_0006_upgrade_downgrade_upgrade" time="1.806" /><testcase classname="backend.tests.integration.test_event_commit" name="test_commit_applies_effects_and_side_tables" time="1.040" /><testcase classname="backend.tests.integration.test_event_commit" name="test_duplicate_idempotency_returns_existing" time="1.054" /><testcase classname="backend.tests.integration.test_event_commit" name="test_validation_failure_rolls_back" time="1.052" /><testcase classname="backend.tests.integration.test_event_commit" name="test_optimistic_version_conflict" time="1.023" /><testcase classname="backend.tests.integration.test_migrations_baseline" name="test_alembic_baseline_empty_upgrade" time="2.896" /><testcase classname="backend.tests.integration.test_outbox_dispatch" name="test_outbox_claim_dispatch_and_idempotent_complete" time="0.885" /><testcase classname="backend.tests.integration.test_outbox_dispatch" name="test_outbox_expired_claim_reclaimed" time="0.861" /><testcase classname="backend.tests.integration.test_phase_runner" name="test_seed_then_advance_phase_once" time="1.155" /><testcase classname="backend.tests.integration.test_phase_runner" name="test_repeat_advance_is_idempotent" time="1.328" /><testcase classname="backend.tests.integration.test_phase_runner" name="test_pause_at_snapshot_and_resume" time="1.181" /><testcase classname="backend.tests.integration.test_phase_runner" name="test_restart_after_commit_no_duplicate_events" time="1.276" /><testcase classname="backend.tests.integration.test_postgres_fixture" name="test_postgres_container_fixture" time="0.000" /><testcase classname="backend.tests.integration.test_repositories_uow" name="test_world_crud_clock_and_event_sequence" time="1.022" /><testcase classname="backend.tests.integration.test_repositories_uow" name="test_rollback_discards_phase_insert" time="1.019" /><testcase classname="backend.tests.integration.test_repositories_uow" name="test_character_state_optimistic_concurrency" time="1.000" /><testcase classname="backend.tests.integration.test_repositories_uow" name="test_event_observation_memory_outbox_and_versions" time="1.009" /><testcase classname="backend.tests.integration.test_scene_commit" name="test_scene_commit_is_retry_safe_and_observer_scoped" time="1.086" /><testcase classname="backend.tests.integration.test_scene_commit" name="test_scene_commit_rolls_back_all_projections_on_effect_failure" time="1.042" /><testcase classname="backend.tests.integration.test_seed_import" name="test_import_empty_and_repeat" time="1.100" /><testcase classname="backend.tests.integration.test_seed_import" name="test_broken_reference_rolls_back" time="1.005" /><testcase classname="backend.tests.integration.test_seed_import" name="test_secret_separation_fixture" time="1.060" /><testcase classname="backend.tests.integration.test_seed_import" name="test_import_caldris_stage1_two_characters" time="1.127" /><testcase classname="backend.tests.integration.test_seed_import" name="test_import_caldris_stage2_four_characters" time="1.139" /><testcase classname="backend.tests.integration.test_stage1_api" name="test_stage1_runtime_reads_and_player_commands" time="1.349" /><testcase classname="backend.tests.integration.test_stage1_api" name="test_websocket_replays_from_sequence_and_pongs" time="1.401" /><testcase classname="backend.tests.integration.test_stage1_phase_runner" name="test_stage1_first_day_uses_sealed_snapshots_and_restart_safe_tasks" time="1.532" /><testcase classname="backend.tests.integration.test_stage1_phase_runner" name="test_stage1_pause_after_snapshot_resumes_same_phase" time="1.266" /><testcase classname="backend.tests.integration.test_stage1_schema" name="test_stage1_tables_exist" time="0.987" /><testcase classname="backend.tests.integration.test_stage1_schema" name="test_stage1_migration_roundtrip" time="2.956" /><testcase classname="backend.tests.integration.test_stage1_schema" name="test_rejects_duplicate_primary_action" time="1.023" /><testcase classname="backend.tests.integration.test_stage1_schema" name="test_rejects_duplicate_scene_participant" time="1.039" /><testcase classname="backend.tests.integration.test_stage1_schema" name="test_rejects_duplicate_resolution_idempotency" time="1.023" /><testcase classname="backend.tests.integration.test_stage2_api" name="test_stage2_day_progress_beliefs_isolation_and_run_day" time="2.949" /><testcase classname="backend.tests.integration.test_stage2_schema" name="test_stage2_tables_exist" time="1.003" /><testcase classname="backend.tests.integration.test_stage2_schema" name="test_stage2_migration_roundtrip" time="2.939" /><testcase classname="backend.tests.integration.test_stage2_schema" name="test_rejects_duplicate_relationship_edge" time="1.026" /><testcase classname="backend.tests.integration.test_stage2_schema" name="test_rejects_duplicate_belief_proposition" time="1.019" /><testcase classname="backend.tests.integration.test_stage2_schema" name="test_rejects_duplicate_npc_profile" time="1.033" /><testcase classname="backend.tests.integration.test_stage2_schema" name="test_rejects_belief_confidence_above_one" time="1.032" /><testcase classname="backend.tests.integration.test_stage2_schema" name="test_rejects_route_nonpositive_distance" time="1.055" /><testcase classname="backend.tests.integration.test_stage2_schema" name="test_travel_activity_requires_route" time="1.040" /><testcase classname="backend.tests.integration.test_stage2_schema" name="test_scene_and_event_additive_columns" time="1.062" /><testcase classname="backend.tests.integration.test_stage3_api" name="test_stage3_month_runs_memories_arcs_factions_exports" time="1.353" /><testcase classname="backend.tests.integration.test_stage3_schema" name="test_stage3_tables_exist_and_roundtrip" time="3.009" /><testcase classname="backend.tests.integration.test_stage3_schema" name="test_memory_owner_visibility_and_embedding_vector" time="1.051" /><testcase classname="backend.tests.integration.test_stage3_schema" name="test_stats_arcs_factions_evaluator_constraints" time="1.081" /><testcase classname="backend.tests.integration.test_stage4_image_schema" name="test_migration_0007_adds_image_tables" time="2.690" /><testcase classname="backend.tests.integration.test_task_queue" name="test_create_is_idempotent" time="0.928" /><testcase classname="backend.tests.integration.test_task_queue" name="test_two_workers_cannot_claim_same_task" time="0.970" /><testcase classname="backend.tests.integration.test_task_queue" name="test_dependency_blocks_claim_until_parent_succeeds" time="0.964" /><testcase classname="backend.tests.integration.test_task_queue" name="test_expired_lease_can_be_reclaimed" time="0.968" /><testcase classname="backend.tests.integration.test_task_queue" name="test_terminal_tasks_never_reclaimed" time="0.908" /><testcase classname="backend.tests.integration.test_task_queue" name="test_retry_then_dead_letter" time="0.980" /><testcase classname="backend.tests.integration.test_task_queue" name="test_heartbeat_extends_lease" time="0.934" /><testcase classname="backend.tests.property.test_calendar_properties" name="test_absolute_phase_monotonic_over_full_day_cycle" time="0.000" /><testcase classname="backend.tests.scenario.test_stage0_foundation" name="test_stage0_foundation_scenario" time="1.202" /><testcase classname="backend.tests.scenario.test_stage1_first_day" name="test_stage1_first_day_scenario" time="1.543" /><testcase classname="backend.tests.scenario.test_stage2_seven_day_world" name="test_stage2_seven_day_world" time="11.849" /><testcase classname="backend.tests.scenario.test_stage3_autonomous_month" name="test_stage3_autonomous_month" time="49.899" /><testcase classname="backend.tests.scenario.test_stage4_distributed_local" name="test_stage4_fencing_rejects_stale_worker" time="0.000" /><testcase classname="backend.tests.scenario.test_stage4_distributed_local" name="test_stage4_image_enqueue_non_blocking" time="0.002" /><testcase classname="backend.tests.scenario.test_stage4_distributed_local" name="test_stage4_halo_loss_failover" time="0.001" /><testcase classname="backend.tests.scenario.test_stage4_distributed_local" name="test_stage4_distributed_local" time="49.617" /><testcase classname="backend.tests.security.test_secret_hygiene" name="test_generated_docs_have_no_live_api_keys" time="0.003" /><testcase classname="backend.tests.security.test_secret_hygiene" name="test_redaction_blocks_openrouter_style_keys" time="0.000" /><testcase classname="backend.tests.unit.agents.test_evaluator_graph" name="test_evaluator_findings_never_mutate_canon" time="0.000" /><testcase classname="backend.tests.unit.agents.test_stage1_graphs" name="test_decision_graph_accepts_valid_corpus_and_seals_provenance" time="0.006" /><testcase classname="backend.tests.unit.agents.test_stage1_graphs" name="test_decision_graph_repairs_once_then_returns_valid_regeneration" time="0.005" /><testcase classname="backend.tests.unit.agents.test_stage1_graphs" name="test_decision_graph_outage_or_invalid_output_uses_safe_fallback[schema_invalid]" time="0.005" /><testcase classname="backend.tests.unit.agents.test_stage1_graphs" name="test_decision_graph_outage_or_invalid_output_uses_safe_fallback[timeout]" time="0.005" /><testcase classname="backend.tests.unit.agents.test_stage1_graphs" name="test_decision_graph_outage_or_invalid_output_uses_safe_fallback[rate_limited]" time="0.005" /><testcase classname="backend.tests.unit.agents.test_stage1_graphs" name="test_decision_graph_domain_invalid_output_regenerates_then_falls_back" time="0.005" /><testcase classname="backend.tests.unit.agents.test_stage1_graphs" name="test_decision_fallback_prefers_existing_activity" time="0.005" /><testcase classname="backend.tests.unit.agents.test_stage1_graphs" name="test_reaction_graph_accepts_only_the_perceived_attempt" time="0.005" /><testcase classname="backend.tests.unit.agents.test_stage1_graphs" name="test_reaction_graph_rejects_unperceived_attempt_and_falls_back" time="0.005" /><testcase classname="backend.tests.unit.agents.test_stage1_graphs" name="test_resolver_uses_no_model_for_simple_move" time="0.001" /><testcase classname="backend.tests.unit.agents.test_stage1_graphs" name="test_resolver_accepts_restricted_social_claim" time="0.005" /><testcase classname="backend.tests.unit.agents.test_stage1_graphs" name="test_resolver_rejects_stage2_effect_and_falls_back" time="0.005" /><testcase classname="backend.tests.unit.agents.test_stage2_graphs" name="test_decision_graph_accepts_goals_plans_claims_additive_context" time="0.006" /><testcase classname="backend.tests.unit.agents.test_stage2_graphs" name="test_decision_graph_malformed_output_repairs_with_goals_context" time="0.005" /><testcase classname="backend.tests.unit.agents.test_stage2_graphs" name="test_reaction_graph_multiparty_participant_list" time="0.005" /><testcase classname="backend.tests.unit.agents.test_stage2_graphs" name="test_reaction_graph_rejects_non_participant_target_then_falls_back" time="0.005" /><testcase classname="backend.tests.unit.agents.test_stage2_graphs" name="test_restricted_effect_schema_excludes_unrelated_kinds" time="0.000" /><testcase classname="backend.tests.unit.agents.test_stage2_graphs" name="test_director_proposal_graph_trigger_validate_no_commit" time="0.001" /><testcase classname="backend.tests.unit.agents.test_stage2_graphs" name="test_director_invalid_proposal_uses_no_event_fallback" time="0.001" /><testcase classname="backend.tests.unit.agents.test_stage2_graphs" name="test_memory_consolidation_graph_returns_records_without_commit" time="0.001" /><testcase classname="backend.tests.unit.agents.test_stage2_graphs" name="test_npc_scene_graph_uses_knowledge_packages_and_repairs_malformed" time="0.001" /><testcase classname="backend.tests.unit.agents.test_stage2_graphs" name="test_npc_scene_graph_skips_ineligible_and_defaults_without_gateway" time="0.001" /><testcase classname="backend.tests.unit.application.context.test_assembler_leakage" name="test_same_snapshot_id_for_both_characters" time="0.001" /><testcase classname="backend.tests.unit.application.context.test_assembler_leakage" name="test_private_belief_isolation" time="0.001" /><testcase classname="backend.tests.unit.application.context.test_assembler_leakage" name="test_relationship_directional_isolation" time="0.001" /><testcase classname="backend.tests.unit.application.context.test_assembler_leakage" name="test_package_hash_deterministic_and_verifiable" time="0.001" /><testcase classname="backend.tests.unit.application.context.test_assembler_leakage" name="test_malicious_memory_delimiter_sanitized" time="0.001" /><testcase classname="backend.tests.unit.application.context.test_token_trim" name="test_estimate_tokens_deterministic" time="0.000" /><testcase classname="backend.tests.unit.application.context.test_token_trim" name="test_large_memory_is_trimmed" time="0.002" /><testcase classname="backend.tests.unit.application.director.test_director_v1" name="test_healthy_progression_does_not_call_director" time="0.000" /><testcase classname="backend.tests.unit.application.director.test_director_v1" name="test_stagnation_fixture_triggers_director_call" time="0.000" /><testcase classname="backend.tests.unit.application.director.test_director_v1" name="test_proposal_rejects_secret_without_disclosure_path" time="0.000" /><testcase classname="backend.tests.unit.application.director.test_director_v1" name="test_proposal_accepts_secret_with_disclosure_path" time="0.000" /><testcase classname="backend.tests.unit.application.director.test_director_v1" name="test_proposal_rejects_secret_key_in_public_payload" time="0.000" /><testcase classname="backend.tests.unit.application.director.test_director_v1" name="test_proposal_rejects_protected_secret_embedded_in_facts" time="0.000" /><testcase classname="backend.tests.unit.application.director.test_director_v1" name="test_proposal_rejects_mandatory_romance" time="0.000" /><testcase classname="backend.tests.unit.application.director.test_director_v1" name="test_cooldown_blocks_disruptive_proposal" time="0.000" /><testcase classname="backend.tests.unit.application.director.test_director_v1" name="test_safe_no_event_fallback_on_validation_failure" time="0.000" /><testcase classname="backend.tests.unit.application.director.test_director_v1" name="test_upsert_hook_and_record_narrative_metric" time="0.001" /><testcase classname="backend.tests.unit.application.director.test_director_v1" name="test_valid_proposal_remains_proposal_only" time="0.000" /><testcase classname="backend.tests.unit.application.images.test_comfyui_fake" name="test_health_returns_healthy" time="0.001" /><testcase classname="backend.tests.unit.application.images.test_comfyui_fake" name="test_health_returns_unhealthy_when_flag_set" time="0.001" /><testcase classname="backend.tests.unit.application.images.test_comfyui_fake" name="test_submit_returns_prompt_id" time="0.000" /><testcase classname="backend.tests.unit.application.images.test_comfyui_fake" name="test_submit_idempotent_same_key" time="0.001" /><testcase classname="backend.tests.unit.application.images.test_comfyui_fake" name="test_submit_raises_when_unavailable" time="0.001" /><testcase classname="backend.tests.unit.application.images.test_comfyui_fake" name="test_get_status_running_then_succeeded" time="0.001" /><testcase classname="backend.tests.unit.application.images.test_comfyui_fake" name="test_cancel_marks_failed" time="0.001" /><testcase classname="backend.tests.unit.application.images.test_comfyui_fake" name="test_fetch_outputs_returns_asset" time="0.001" /><testcase classname="backend.tests.unit.application.images.test_comfyui_fake" name="test_fetch_outputs_empty_after_cancel" time="0.001" /><testcase classname="backend.tests.unit.application.images.test_phase_isolation" name="test_enqueue_failure_does_not_raise_into_caller_if_key_exists" time="0.001" /><testcase classname="backend.tests.unit.application.images.test_phase_isolation" name="test_qc_failure_does_not_propagate_outside_service" time="0.002" /><testcase classname="backend.tests.unit.application.images.test_prefix_policy" name="test_event_image_key_format" time="0.000" /><testcase classname="backend.tests.unit.application.images.test_prefix_policy" name="test_event_image_prefix" time="0.000" /><testcase classname="backend.tests.unit.application.images.test_prefix_policy" name="test_character_reference_key" time="0.000" /><testcase classname="backend.tests.unit.application.images.test_prefix_policy" name="test_location_reference_key" time="0.000" /><testcase classname="backend.tests.unit.application.images.test_prefix_policy" name="test_workflow_key" time="0.000" /><testcase classname="backend.tests.unit.application.images.test_prompt_compiler" name="test_compile_returns_positive_and_negative" time="0.000" /><testcase classname="backend.tests.unit.application.images.test_prompt_compiler" name="test_compile_includes_location" time="0.000" /><testcase classname="backend.tests.unit.application.images.test_prompt_compiler" name="test_compile_includes_participant_name" time="0.000" /><testcase classname="backend.tests.unit.application.images.test_prompt_compiler" name="test_compile_includes_prohibited_in_negative" time="0.000" /><testcase classname="backend.tests.unit.application.images.test_prompt_compiler" name="test_compile_provenance_contains_world_id" time="0.000" /><testcase classname="backend.tests.unit.application.images.test_prompt_compiler" name="test_compile_negative_contains_defaults" time="0.000" /><testcase classname="backend.tests.unit.application.images.test_prompt_compiler" name="test_compile_includes_action_outcome" time="0.000" /><testcase classname="backend.tests.unit.application.images.test_prompt_compiler" name="test_compile_source_ids_in_spec" time="0.000" /><testcase classname="backend.tests.unit.application.images.test_qc" name="test_qc_passes_valid_png" time="0.000" /><testcase classname="backend.tests.unit.application.images.test_qc" name="test_qc_passes_valid_jpeg" time="0.000" /><testcase classname="backend.tests.unit.application.images.test_qc" name="test_qc_fails_empty_bytes" time="0.000" /><testcase classname="backend.tests.unit.application.images.test_qc" name="test_qc_fails_invalid_format" time="0.000" /><testcase classname="backend.tests.unit.application.images.test_qc" name="test_qc_fails_bad_content_type" time="0.000" /><testcase classname="backend.tests.unit.application.images.test_qc" name="test_qc_dimension_check" time="0.000" /><testcase classname="backend.tests.unit.application.images.test_qc" name="test_qc_dimension_too_small" time="0.000" /><testcase classname="backend.tests.unit.application.images.test_qc" name="test_qc_no_content_type_passes_format_check" time="0.000" /><testcase classname="backend.tests.unit.application.images.test_storage" name="test_put_and_get_roundtrip" time="0.001" /><testcase classname="backend.tests.unit.application.images.test_storage" name="test_put_idempotent_same_content" time="0.001" /><testcase classname="backend.tests.unit.application.images.test_storage" name="test_put_conflict_different_content" time="0.001" /><testcase classname="backend.tests.unit.application.images.test_storage" name="test_get_missing_raises" time="0.001" /><testcase classname="backend.tests.unit.application.images.test_storage" name="test_head_returns_metadata" time="0.001" /><testcase classname="backend.tests.unit.application.images.test_storage" name="test_head_missing_raises" time="0.001" /><testcase classname="backend.tests.unit.application.images.test_storage" name="test_delete_removes_object" time="0.001" /><testcase classname="backend.tests.unit.application.images.test_storage" name="test_delete_missing_is_noop" time="0.000" /><testcase classname="backend.tests.unit.application.images.test_storage" name="test_ensure_bucket_creates" time="0.001" /><testcase classname="backend.tests.unit.application.images.test_storage" name="test_list_keys" time="0.001" /><testcase classname="backend.tests.unit.application.images.test_storage" name="test_reset_clears_all" time="0.001" /><testcase classname="backend.tests.unit.application.images.test_workflow_registry" name="test_registry_loads_stub_v1" time="0.001" /><testcase classname="backend.tests.unit.application.images.test_workflow_registry" name="test_registry_metadata" time="0.000" /><testcase classname="backend.tests.unit.application.images.test_workflow_registry" name="test_registry_hash_deterministic" time="0.000" /><testcase classname="backend.tests.unit.application.images.test_workflow_registry" name="test_registry_list_versions" time="0.000" /><testcase classname="backend.tests.unit.application.images.test_workflow_registry" name="test_registry_missing_version_raises" time="0.000" /><testcase classname="backend.tests.unit.application.knowledge.test_beliefs" name="test_clamp_confidence_bounds[-1-expected0]" time="0.000" /><testcase classname="backend.tests.unit.application.knowledge.test_beliefs" name="test_clamp_confidence_bounds[0-expected1]" time="0.000" /><testcase classname="backend.tests.unit.application.knowledge.test_beliefs" name="test_clamp_confidence_bounds[0.5-expected2]" time="0.000" /><testcase classname="backend.tests.unit.application.knowledge.test_beliefs" name="test_clamp_confidence_bounds[1-expected3]" time="0.000" /><testcase classname="backend.tests.unit.application.knowledge.test_beliefs" name="test_clamp_confidence_bounds[2.5-expected4]" time="0.000" /><testcase classname="backend.tests.unit.application.knowledge.test_beliefs" name="test_clamp_confidence_bounds[0.12345-expected5]" time="0.000" /><testcase classname="backend.tests.unit.application.knowledge.test_beliefs" name="test_observation_evidence_updates_confidence_with_provenance" time="0.000" /><testcase classname="backend.tests.unit.application.knowledge.test_beliefs" name="test_claim_evidence_can_reduce_but_not_below_zero" time="0.000" /><testcase classname="backend.tests.unit.application.knowledge.test_claims" name="test_lie_produces_claim_not_objective_fact" time="0.000" /><testcase classname="backend.tests.unit.application.knowledge.test_claims" name="test_rumour_creates_new_claim_with_source_linkage" time="0.000" /><testcase classname="backend.tests.unit.application.knowledge.test_eligibility" name="test_eligibility_matrix[kwargs0-absent]" time="0.000" /><testcase classname="backend.tests.unit.application.knowledge.test_eligibility" name="test_eligibility_matrix[kwargs1-direct_witness]" time="0.000" /><testcase classname="backend.tests.unit.application.knowledge.test_eligibility" name="test_eligibility_matrix[kwargs2-direct_witness]" time="0.000" /><testcase classname="backend.tests.unit.application.knowledge.test_eligibility" name="test_eligibility_matrix[kwargs3-partial]" time="0.000" /><testcase classname="backend.tests.unit.application.knowledge.test_eligibility" name="test_eligibility_matrix[kwargs4-hearing_only]" time="0.000" /><testcase classname="backend.tests.unit.application.knowledge.test_eligibility" name="test_eligibility_matrix[kwargs5-absent]" time="0.000" /><testcase classname="backend.tests.unit.application.knowledge.test_eligibility" name="test_eligibility_matrix[kwargs6-hearing_only]" time="0.000" /><testcase classname="backend.tests.unit.application.knowledge.test_eligibility" name="test_eligibility_matrix[kwargs7-partial]" time="0.000" /><testcase classname="backend.tests.unit.application.knowledge.test_eligibility" name="test_absent_excluded_from_eligible_list" time="0.000" /><testcase classname="backend.tests.unit.application.knowledge.test_leakage" name="test_mira_secret_not_in_other_character_lookups" time="0.000" /><testcase classname="backend.tests.unit.application.knowledge.test_leakage" name="test_mira_secret_absent_from_assembled_peer_packages" time="0.001" /><testcase classname="backend.tests.unit.application.knowledge.test_leakage" name="test_npc_restricted_package_excludes_director_only" time="0.000" /><testcase classname="backend.tests.unit.application.knowledge.test_leakage" name="test_secret_policy_denies_without_grant" time="0.000" /><testcase classname="backend.tests.unit.application.knowledge.test_leakage" name="test_fixture_private_beliefs_still_isolated" time="0.000" /><testcase classname="backend.tests.unit.application.knowledge.test_leakage_corpus" name="test_stage2_leakage_corpus_meets_gate_threshold" time="0.012" /><testcase classname="backend.tests.unit.application.knowledge.test_observations" name="test_two_witnesses_diverge_on_same_event" time="0.000" /><testcase classname="backend.tests.unit.application.knowledge.test_observations" name="test_absent_character_gets_no_observation" time="0.000" /><testcase classname="backend.tests.unit.application.knowledge.test_prompt_injection" name="test_injection_text_cannot_escalate_secret_access" time="0.000" /><testcase classname="backend.tests.unit.application.memory.test_daily_consolidation" name="test_source_completeness_every_cited_id_is_owner_observation" time="0.000" /><testcase classname="backend.tests.unit.application.memory.test_daily_consolidation" name="test_perspective_filter_excludes_other_characters_observations" time="0.000" /><testcase classname="backend.tests.unit.application.memory.test_daily_consolidation" name="test_diary_has_no_absent_secrets" time="0.001" /><testcase classname="backend.tests.unit.application.memory.test_daily_consolidation" name="test_failed_model_falls_back_to_extractive" time="0.000" /><testcase classname="backend.tests.unit.application.memory.test_daily_consolidation" name="test_model_unsupported_source_ids_fall_back" time="0.000" /><testcase classname="backend.tests.unit.application.memory.test_daily_consolidation" name="test_successful_fake_consolidator_accepted" time="0.000" /><testcase classname="backend.tests.unit.application.memory.test_daily_consolidation" name="test_retry_does_not_duplicate_summaries" time="0.000" /><testcase classname="backend.tests.unit.application.memory.test_daily_consolidation" name="test_routine_observations_compact_without_deleting" time="0.000" /><testcase classname="backend.tests.unit.application.memory.test_daily_consolidation" name="test_extractive_empty_day" time="0.000" /><testcase classname="backend.tests.unit.application.memory.test_stage3_leakage" name="test_adversarial_secret_never_in_other_owner_trace" time="0.000" /><testcase classname="backend.tests.unit.application.memory.test_stage3_memory" name="test_dimension_mismatch_rejected" time="0.001" /><testcase classname="backend.tests.unit.application.memory.test_stage3_memory" name="test_duplicate_embedding_job_skipped" time="0.001" /><testcase classname="backend.tests.unit.application.memory.test_stage3_memory" name="test_partial_batch_failure_keeps_successes" time="0.001" /><testcase classname="backend.tests.unit.application.memory.test_stage3_memory" name="test_secret_cannot_enter_other_owner_candidates" time="0.000" /><testcase classname="backend.tests.unit.application.memory.test_stage3_memory" name="test_no_embedding_fallback_still_ranks" time="0.000" /><testcase classname="backend.tests.unit.application.memory.test_stage3_memory" name="test_diversity_dedupes_duplicate_content_hash" time="0.000" /><testcase classname="backend.tests.unit.application.memory.test_stage3_memory" name="test_unsupported_trait_change_rejected" time="0.000" /><testcase classname="backend.tests.unit.application.memory.test_stage3_memory" name="test_reflection_requires_multiple_sources_and_preserves_identity_decay" time="0.000" /><testcase classname="backend.tests.unit.application.memory.test_stage3_memory" name="test_semantic_path_with_embeddings" time="0.001" /><testcase classname="backend.tests.unit.application.npc.test_npc_registry_v1" name="test_duplicate_blacksmith_resolves_to_existing" time="0.000" /><testcase classname="backend.tests.unit.application.npc.test_npc_registry_v1" name="test_npc_knowledge_package_excludes_director_and_omniscient" time="0.000" /><testcase classname="backend.tests.unit.application.npc.test_npc_registry_v1" name="test_ttl_extends_after_meaningful_scene" time="0.000" /><testcase classname="backend.tests.unit.application.npc.test_npc_registry_v1" name="test_archive_blocks_ordinary_actor_tasks_but_allows_recall" time="0.000" /><testcase classname="backend.tests.unit.application.npc.test_npc_registry_v1" name="test_budget_rejection_scene_region_and_daily" time="0.000" /><testcase classname="backend.tests.unit.application.orchestration.test_day_boundary_idempotency" name="test_process_restart_at_day_boundary_reuses_day_run" time="0.001" /><testcase classname="backend.tests.unit.application.orchestration.test_day_boundary_idempotency" name="test_day_consolidation_keys_are_stable_per_world_day" time="0.000" /><testcase classname="backend.tests.unit.application.orchestration.test_temporal_port" name="test_noop_temporal_port_documents_deferral" time="0.000" /><testcase classname="backend.tests.unit.application.orchestration.test_temporal_port" name="test_noop_temporal_port_rejects_live_orchestration" time="0.001" /><testcase classname="backend.tests.unit.application.simulation.test_activation" name="test_alive_character_is_eligible" time="0.000" /><testcase classname="backend.tests.unit.application.simulation.test_activation" name="test_incapacitated_character_has_explicit_skip_status[dead-skipped_dead-character is dead]" time="0.000" /><testcase classname="backend.tests.unit.application.simulation.test_activation" name="test_incapacitated_character_has_explicit_skip_status[unconscious-skipped_unconscious-character is unconscious]" time="0.000" /><testcase classname="backend.tests.unit.application.simulation.test_priority" name="test_priority_uses_documented_weights_without_model_salience" time="0.000" /><testcase classname="backend.tests.unit.application.simulation.test_priority" name="test_priority_rejects_non_normalized_inputs[-0.01]" time="0.000" /><testcase classname="backend.tests.unit.application.simulation.test_priority" name="test_priority_rejects_non_normalized_inputs[1.01]" time="0.000" /><testcase classname="backend.tests.unit.application.simulation.test_priority" name="test_beat_budgets_cover_stage1_defaults_and_clamp" time="0.000" /><testcase classname="backend.tests.unit.application.simulation.test_s2_sim_001_calendar_travel" name="test_stage2_profile_includes_all_ten_phases" time="0.000" /><testcase classname="backend.tests.unit.application.simulation.test_s2_sim_001_calendar_travel" name="test_full_day_phase_sequence_advances_day_at_midnight" time="0.000" /><testcase classname="backend.tests.unit.application.simulation.test_s2_sim_001_calendar_travel" name="test_stage1_activation_compat_unchanged" time="0.000" /><testcase classname="backend.tests.unit.application.simulation.test_s2_sim_001_calendar_travel" name="test_sleeping_character_skipped_unless_woken" time="0.000" /><testcase classname="backend.tests.unit.application.simulation.test_s2_sim_001_calendar_travel" name="test_scheduled_sleep_uses_default_night_window" time="0.000" /><testcase classname="backend.tests.unit.application.simulation.test_s2_sim_001_calendar_travel" name="test_travel_continues_without_llm" time="0.000" /><testcase classname="backend.tests.unit.application.simulation.test_s2_sim_001_calendar_travel" name="test_dead_and_unconscious_are_skip" time="0.000" /><testcase classname="backend.tests.unit.application.simulation.test_s2_sim_001_calendar_travel" name="test_travel_advances_with_seed_modifier_and_restart_preserves_progress" time="0.000" /><testcase classname="backend.tests.unit.application.simulation.test_s2_sim_001_calendar_travel" name="test_travel_completes_on_arrival" time="0.000" /><testcase classname="backend.tests.unit.application.simulation.test_s2_sim_001_calendar_travel" name="test_intersecting_travel_encounter_detection" time="0.000" /><testcase classname="backend.tests.unit.application.simulation.test_s2_sim_001_calendar_travel" name="test_route_invalidation_interrupts_safely" time="0.000" /><testcase classname="backend.tests.unit.application.simulation.test_s2_sim_001_calendar_travel" name="test_interrupt_activity_preserves_progress" time="0.000" /><testcase classname="backend.tests.unit.application.simulation.test_s2_sim_001_calendar_travel" name="test_estimate_phase_model_requests_skips_non_decision_actors" time="0.000" /><testcase classname="backend.tests.unit.application.simulation.test_s2_sim_001_calendar_travel" name="test_custom_sleep_schedule_wake_rules" time="0.000" /><testcase classname="backend.tests.unit.application.simulation.test_s2_sim_001_calendar_travel" name="test_travel_requires_route" time="0.000" /><testcase classname="backend.tests.unit.application.simulation.test_s2_sim_002_multiparty_scenes" name="test_four_character_social_scene_uses_group_beat_budget" time="0.000" /><testcase classname="backend.tests.unit.application.simulation.test_s2_sim_002_multiparty_scenes" name="test_two_independent_scenes_run_concurrently" time="0.000" /><testcase classname="backend.tests.unit.application.simulation.test_s2_sim_002_multiparty_scenes" name="test_same_item_conflict_is_merged" time="0.000" /><testcase classname="backend.tests.unit.application.simulation.test_s2_sim_002_multiparty_scenes" name="test_conversation_continues_next_phase_rather_than_looping" time="0.000" /><testcase classname="backend.tests.unit.application.simulation.test_s2_sim_002_multiparty_scenes" name="test_npc_batch_respects_per_npc_knowledge_isolation" time="0.000" /><testcase classname="backend.tests.unit.application.simulation.test_s2_sim_002_multiparty_scenes" name="test_shared_npc_knowledge_hash_rejected" time="0.000" /><testcase classname="backend.tests.unit.application.simulation.test_s2_sim_002_multiparty_scenes" name="test_focus_and_npc_budgets_enforced" time="0.000" /><testcase classname="backend.tests.unit.application.simulation.test_s2_sim_002_multiparty_scenes" name="test_stage2_beat_budget_table" time="0.000" /><testcase classname="backend.tests.unit.application.simulation.test_s2_sim_002_multiparty_scenes" name="test_initiative_distinct_from_global_priority" time="0.000" /><testcase classname="backend.tests.unit.application.simulation.test_scene_grouping" name="test_visit_and_wait_merge_into_one_social_scene" time="0.000" /><testcase classname="backend.tests.unit.application.simulation.test_scene_grouping" name="test_independent_actions_at_different_locations_remain_solo" time="0.000" /><testcase classname="backend.tests.unit.application.simulation.test_scene_grouping" name="test_proposals_for_same_target_merge_and_sort_before_unrelated_solo" time="0.000" /><testcase classname="backend.tests.unit.application.simulation.test_scene_grouping" name="test_proposal_conflict_sets_are_immutable_and_include_referenced_aggregates" time="0.000" /><testcase classname="backend.tests.unit.application.world.test_novelty_pacing" name="test_trope_cooldown_softens_score_not_hard_ban" time="0.001" /><testcase classname="backend.tests.unit.application.world.test_novelty_pacing" name="test_causality_forced_allows_recurrence_during_cooldown" time="0.001" /><testcase classname="backend.tests.unit.application.world.test_novelty_pacing" name="test_pacing_metrics_track_location_participant_action_balance" time="0.000" /><testcase classname="backend.tests.unit.application.world.test_novelty_pacing" name="test_novelty_signature_repeat_penalizes" time="0.000" /><testcase classname="backend.tests.unit.benchmark.test_stage4_corpus" name="test_stage4_benchmark_corpus_covers_required_roles_and_cases" time="0.001" /><testcase classname="backend.tests.unit.benchmark.test_stage4_corpus" name="test_stage4_benchmark_manifest_matches_corpus" time="0.001" /><testcase classname="backend.tests.unit.domain.rules.test_combat_injuries" name="test_weaker_prepared_may_win_within_envelope" time="0.000" /><testcase classname="backend.tests.unit.domain.rules.test_combat_injuries" name="test_impossible_outcome_rejected" time="0.000" /><testcase classname="backend.tests.unit.domain.rules.test_combat_injuries" name="test_combat_seeded_determinism" time="0.000" /><testcase classname="backend.tests.unit.domain.rules.test_combat_injuries" name="test_duplicate_injury_idempotent_by_key_and_id" time="0.000" /><testcase classname="backend.tests.unit.domain.rules.test_combat_injuries" name="test_recovery_not_instant_for_serious_injury" time="0.000" /><testcase classname="backend.tests.unit.domain.rules.test_combat_injuries" name="test_death_not_via_conversation_schema" time="0.000" /><testcase classname="backend.tests.unit.domain.rules.test_combat_injuries" name="test_return_from_death_lore_constrained" time="0.000" /><testcase classname="backend.tests.unit.domain.rules.test_combat_injuries" name="test_stage3_effect_kinds_present_additively" time="0.000" /><testcase classname="backend.tests.unit.domain.rules.test_magic" name="test_unregistered_spell_rejected" time="0.000" /><testcase classname="backend.tests.unit.domain.rules.test_magic" name="test_insufficient_mana_cannot_overdraw" time="0.000" /><testcase classname="backend.tests.unit.domain.rules.test_magic" name="test_prerequisite_and_material_gates" time="0.000" /><testcase classname="backend.tests.unit.domain.rules.test_magic" name="test_interruption_partial_mana_spend" time="0.000" /><testcase classname="backend.tests.unit.domain.rules.test_magic" name="test_successful_cast_spends_bounded_mana_deterministically" time="0.000" /><testcase classname="backend.tests.unit.domain.rules.test_magic" name="test_counter_forces_failure_with_mana_cost" time="0.000" /><testcase classname="backend.tests.unit.domain.rules.test_stats_skills" name="test_clamp_stat_bounds_and_potential_cap" time="0.000" /><testcase classname="backend.tests.unit.domain.rules.test_stats_skills" name="test_temporary_modifiers_do_not_overwrite_base" time="0.000" /><testcase classname="backend.tests.unit.domain.rules.test_stats_skills" name="test_apply_stat_evidence_monotonic_and_capped" time="0.000" /><testcase classname="backend.tests.unit.domain.rules.test_stats_skills" name="test_stat_evidence_seeded_determinism" time="0.000" /><testcase classname="backend.tests.unit.domain.rules.test_stats_skills" name="test_derived_capability_uses_stats_not_as_skills" time="0.000" /><testcase classname="backend.tests.unit.domain.rules.test_stats_skills" name="test_skill_evidence_accumulation_diminishing_for_trivial" time="0.000" /><testcase classname="backend.tests.unit.domain.rules.test_stats_skills" name="test_propose_skill_progress_evidence_gated_no_leap" time="0.000" /><testcase classname="backend.tests.unit.domain.test_goals_plans_relationships" name="test_goal_lifecycle_and_priority" time="0.000" /><testcase classname="backend.tests.unit.domain.test_goals_plans_relationships" name="test_goal_rejects_out_of_range_priority" time="0.000" /><testcase classname="backend.tests.unit.domain.test_goals_plans_relationships" name="test_one_active_primary_plan_unless_alternatives_allowed" time="0.000" /><testcase classname="backend.tests.unit.domain.test_goals_plans_relationships" name="test_revise_plan_and_step_status" time="0.000" /><testcase classname="backend.tests.unit.domain.test_goals_plans_relationships" name="test_plan_invalidation_when_location_or_resource_prerequisite_fails" time="0.000" /><testcase classname="backend.tests.unit.domain.test_goals_plans_relationships" name="test_commitment_status_preserves_reminder_fields" time="0.000" /><testcase classname="backend.tests.unit.domain.test_goals_plans_relationships" name="test_asymmetric_relationships" time="0.000" /><testcase classname="backend.tests.unit.domain.test_goals_plans_relationships" name="test_repeated_positive_evidence_diminishes" time="0.000" /><testcase classname="backend.tests.unit.domain.test_goals_plans_relationships" name="test_betrayal_reduces_trust_within_bounds" time="0.000" /><testcase classname="backend.tests.unit.domain.test_goals_plans_relationships" name="test_trust_cannot_jump_beyond_configured_delta" time="0.000" /><testcase classname="backend.tests.unit.domain.test_goals_plans_relationships" name="test_kindness_does_not_increase_attraction" time="0.000" /><testcase classname="backend.tests.unit.domain.test_goals_plans_relationships" name="test_unsupported_relationship_dimension_rejected" time="0.000" /><testcase classname="backend.tests.unit.domain.test_goals_plans_relationships" name="test_seed_edge_may_exist_without_evidence" time="0.000" /><testcase classname="backend.tests.unit.domain.world.test_arcs_factions" name="test_one_major_active_arc_enforced" time="0.000" /><testcase classname="backend.tests.unit.domain.world.test_arcs_factions" name="test_secondary_arc_does_not_consume_major_slot" time="0.000" /><testcase classname="backend.tests.unit.domain.world.test_arcs_factions" name="test_advance_and_close_arc" time="0.000" /><testcase classname="backend.tests.unit.domain.world.test_arcs_factions" name="test_hook_activate_limit_close_and_expire" time="0.000" /><testcase classname="backend.tests.unit.domain.world.test_arcs_factions" name="test_faction_daily_update_without_full_npc_sim" time="0.001" /><testcase classname="backend.tests.unit.domain.world.test_arcs_factions" name="test_settlement_indicator_update" time="0.000" /><testcase classname="backend.tests.unit.test_admin_stage4_api" name="test_model_endpoints_no_auth_disabled" time="0.039" /><testcase classname="backend.tests.unit.test_admin_stage4_api" name="test_model_endpoints_auth_required" time="0.039" /><testcase classname="backend.tests.unit.test_admin_stage4_api" name="test_model_endpoints_wrong_password" time="0.038" /><testcase classname="backend.tests.unit.test_admin_stage4_api" name="test_model_endpoints_correct_password" time="0.037" /><testcase classname="backend.tests.unit.test_admin_stage4_api" name="test_list_model_endpoints_empty_no_registry" time="0.036" /><testcase classname="backend.tests.unit.test_admin_stage4_api" name="test_list_model_endpoints_with_registry" time="0.036" /><testcase classname="backend.tests.unit.test_admin_stage4_api" name="test_list_workers_empty" time="0.038" /><testcase classname="backend.tests.unit.test_admin_stage4_api" name="test_list_workers_returns_records" time="0.037" /><testcase classname="backend.tests.unit.test_admin_stage4_api" name="test_drain_host_not_found" time="0.037" /><testcase classname="backend.tests.unit.test_admin_stage4_api" name="test_drain_host_success" time="0.038" /><testcase classname="backend.tests.unit.test_admin_stage4_api" name="test_drain_host_skips_already_drained" time="0.038" /><testcase classname="backend.tests.unit.test_admin_stage4_api" name="test_list_image_jobs_empty" time="0.039" /><testcase classname="backend.tests.unit.test_admin_stage4_api" name="test_list_image_jobs_returns_records" time="0.038" /><testcase classname="backend.tests.unit.test_admin_stage4_api" name="test_list_image_jobs_unknown_status" time="0.037" /><testcase classname="backend.tests.unit.test_admin_stage4_api" name="test_list_image_jobs_missing_world_id" time="0.037" /><testcase classname="backend.tests.unit.test_admin_stage4_api" name="test_retry_image_job_not_found" time="0.038" /><testcase classname="backend.tests.unit.test_admin_stage4_api" name="test_retry_image_job_exhausted_attempts" time="0.138" /><testcase classname="backend.tests.unit.test_admin_stage4_api" name="test_retry_image_job_success" time="0.038" /><testcase classname="backend.tests.unit.test_admin_stage4_api" name="test_cancel_image_job_not_found" time="0.038" /><testcase classname="backend.tests.unit.test_admin_stage4_api" name="test_cancel_image_job_already_completed" time="0.037" /><testcase classname="backend.tests.unit.test_admin_stage4_api" name="test_cancel_image_job_success" time="0.036" /><testcase classname="backend.tests.unit.test_admin_stage4_api" name="test_approve_image_job_no_gallery_item" time="0.038" /><testcase classname="backend.tests.unit.test_admin_stage4_api" name="test_approve_image_job_success" time="0.038" /><testcase classname="backend.tests.unit.test_admin_stage4_api" name="test_reject_image_job_success" time="0.038" /><testcase classname="backend.tests.unit.test_admin_stage4_api" name="test_list_gallery_empty" time="0.038" /><testcase classname="backend.tests.unit.test_admin_stage4_api" name="test_list_gallery_returns_items" time="0.038" /><testcase classname="backend.tests.unit.test_admin_stage4_api" name="test_list_gallery_missing_world_id" time="0.038" /><testcase classname="backend.tests.unit.test_admin_stage4_api" name="test_list_visual_profiles_empty" time="0.038" /><testcase classname="backend.tests.unit.test_admin_stage4_api" name="test_list_visual_profiles_with_subject_not_found" time="0.036" /><testcase classname="backend.tests.unit.test_admin_stage4_api" name="test_list_visual_profiles_with_subject_found" time="0.038" /><testcase classname="backend.tests.unit.test_admin_stage4_api" name="test_list_visual_profiles_missing_world_id" time="0.038" /><testcase classname="backend.tests.unit.test_api_health" name="test_health_live" time="0.003" /><testcase classname="backend.tests.unit.test_api_health" name="test_correlation_id_echo" time="0.003" /><testcase classname="backend.tests.unit.test_api_health" name="test_health_ready_up" time="0.004" /><testcase classname="backend.tests.unit.test_api_health" name="test_health_ready_down" time="0.004" /><testcase classname="backend.tests.unit.test_calendar" name="test_phase_order_has_ten" time="0.000" /><testcase classname="backend.tests.unit.test_calendar" name="test_midnight_to_dawn_increments_day" time="0.000" /><testcase classname="backend.tests.unit.test_calendar" name="test_non_midnight_keeps_day" time="0.000" /><testcase classname="backend.tests.unit.test_capability_registry" name="test_registry_requires_explicit_roles" time="0.000" /><testcase classname="backend.tests.unit.test_capability_registry" name="test_registry_filters_by_role_health_and_privacy" time="0.000" /><testcase classname="backend.tests.unit.test_capability_registry" name="test_mark_health_updates_probe_timestamp" time="0.000" /><testcase classname="backend.tests.unit.test_consistency_audit" name="test_stage0_consistency_audit_clean" time="0.000" /><testcase classname="backend.tests.unit.test_consistency_audit" name="test_stage0_consistency_audit_reports_failures" time="0.000" /><testcase classname="backend.tests.unit.test_effect_validation" name="test_validate_spend_insufficient" time="0.000" /><testcase classname="backend.tests.unit.test_effect_validation" name="test_validate_and_project_move" time="0.000" /><testcase classname="backend.tests.unit.test_effect_validation" name="test_wait_and_memory_ok" time="0.000" /><testcase classname="backend.tests.unit.test_effect_validation" name="test_phase_stage_and_run_transitions" time="0.000" /><testcase classname="backend.tests.unit.test_harness" name="test_fake_clock_advances" time="0.000" /><testcase classname="backend.tests.unit.test_harness" name="test_seeded_random_script" time="0.000" /><testcase classname="backend.tests.unit.test_harness" name="test_fake_model_gateway_scripts" time="0.001" /><testcase classname="backend.tests.unit.test_harness" name="test_block_network_raises" time="0.000" /><testcase classname="backend.tests.unit.test_harness" name="test_scenario_harness_skeleton_loads" time="0.000" /><testcase classname="backend.tests.unit.test_invariants_registry" name="test_registry_contains_stage0_invariants" time="0.000" /><testcase classname="backend.tests.unit.test_invariants_registry" name="test_absolute_phase_invariant" time="0.000" /><testcase classname="backend.tests.unit.test_logging_redaction" name="test_redact_api_key_assignment" time="0.000" /><testcase classname="backend.tests.unit.test_logging_redaction" name="test_redact_bearer_token" time="0.000" /><testcase classname="backend.tests.unit.test_logging_redaction" name="test_redacting_filter_on_log_record" time="0.000" /><testcase classname="backend.tests.unit.test_model_gateway_boundaries" name="test_no_provider_sdk_imports_in_application_models" time="0.007" /><testcase classname="backend.tests.unit.test_model_profiles" name="test_stage0_profiles_load_and_select" time="0.002" /><testcase classname="backend.tests.unit.test_model_profiles" name="test_sampling_defaults" time="0.000" /><testcase classname="backend.tests.unit.test_model_profiles" name="test_missing_role_raises" time="0.001" /><testcase classname="backend.tests.unit.test_openrouter_errors" name="test_map_http_429_and_402" time="0.000" /><testcase classname="backend.tests.unit.test_openrouter_errors" name="test_map_openrouter_error_body" time="0.000" /><testcase classname="backend.tests.unit.test_openrouter_errors" name="test_capability_probe_stub" time="0.001" /><testcase classname="backend.tests.unit.test_phase_clock" name="test_advance_dawn_to_sunrise" time="0.000" /><testcase classname="backend.tests.unit.test_phase_clock" name="test_advance_midnight_rolls_day" time="0.000" /><testcase classname="backend.tests.unit.test_seed_ids" name="test_seed_uuid_stable" time="0.000" /><testcase classname="backend.tests.unit.test_seed_ids" name="test_load_and_validate_stage0_pack" time="0.025" /><testcase classname="backend.tests.unit.test_seed_ids" name="test_broken_location_reference_fails_validation" time="0.025" /><testcase classname="backend.tests.unit.test_settings" name="test_stage0_profile_loads_and_validates" time="0.001" /><testcase classname="backend.tests.unit.test_settings" name="test_test_profile_loads" time="0.001" /><testcase classname="backend.tests.unit.test_settings" name="test_public_bind_without_auth_rejected" time="0.001" /><testcase classname="backend.tests.unit.test_settings" name="test_public_bind_allowed_with_override" time="0.001" /><testcase classname="backend.tests.unit.test_settings" name="test_embedding_dimension_mismatch_rejected" time="0.001" /><testcase classname="backend.tests.unit.test_task_transitions" name="test_terminal_states" time="0.000" /><testcase classname="backend.tests.unit.test_task_transitions" name="test_pending_claimable_without_lease" time="0.000" /><testcase classname="backend.tests.unit.test_task_transitions" name="test_pending_not_claimable_before_available_at" time="0.000" /><testcase classname="backend.tests.unit.test_task_transitions" name="test_claimed_reclaimable_only_when_expired" time="0.000" /><testcase classname="backend.tests.unit.test_task_transitions" name="test_succeeded_never_claimable" time="0.000" /><testcase classname="backend.tests.unit.test_worker_fencing" name="test_task_run_has_fencing_token_default" time="0.000" /><testcase classname="backend.tests.unit.test_worker_fencing" name="test_task_run_fencing_token_explicit" time="0.000" /><testcase classname="backend.tests.unit.test_worker_fencing" name="test_task_run_fencing_token_must_be_nonneg" time="0.000" /><testcase classname="backend.tests.unit.test_worker_fencing" name="test_host_record_default_status" time="0.000" /><testcase classname="backend.tests.unit.test_worker_fencing" name="test_worker_record_default_status" time="0.000" /><testcase classname="backend.tests.unit.test_worker_fencing" name="test_is_terminal_returns_true_for_terminal_states[succeeded]" time="0.000" /><testcase classname="backend.tests.unit.test_worker_fencing" name="test_is_terminal_returns_true_for_terminal_states[failed]" time="0.000" /><testcase classname="backend.tests.unit.test_worker_fencing" name="test_is_terminal_returns_true_for_terminal_states[dead_letter]" time="0.000" /><testcase classname="backend.tests.unit.test_worker_fencing" name="test_is_terminal_returns_true_for_terminal_states[cancelled]" time="0.000" /><testcase classname="backend.tests.unit.test_worker_fencing" name="test_is_terminal_returns_false_for_non_terminal[pending]" time="0.000" /><testcase classname="backend.tests.unit.test_worker_fencing" name="test_is_terminal_returns_false_for_non_terminal[claimed]" time="0.000" /><testcase classname="backend.tests.unit.test_worker_fencing" name="test_is_terminal_returns_false_for_non_terminal[running]" time="0.000" /><testcase classname="backend.tests.unit.test_worker_fencing" name="test_leased_states_set" time="0.000" /><testcase classname="backend.tests.unit.test_worker_fencing" name="test_lease_expired_when_none" time="0.000" /><testcase classname="backend.tests.unit.test_worker_fencing" name="test_lease_not_expired_when_future" time="0.000" /><testcase classname="backend.tests.unit.test_worker_fencing" name="test_is_claimable_row_pending_no_lease" time="0.000" /><testcase classname="backend.tests.unit.test_worker_fencing" name="test_is_claimable_row_pending_not_yet_available" time="0.000" /><testcase classname="backend.tests.unit.test_worker_fencing" name="test_is_claimable_row_claimed_with_expired_lease" time="0.000" /><testcase classname="backend.tests.unit.test_worker_fencing" name="test_is_claimable_row_claimed_with_active_lease" time="0.000" /><testcase classname="backend.tests.unit.test_worker_fencing" name="test_terminal_not_claimable" time="0.612" /></testsuite></testsuites>