<?xml version="1.0" encoding="utf-8"?><testsuites name="pytest tests"><testsuite name="pytest" errors="0" failures="0" skipped="0" tests="6" time="112.559" timestamp="2026-07-30T02:46:30.827130+00:00" hostname="cursor"><testcase classname="backend.tests.scenario.test_stage4_distributed_local" name="test_stage4_fencing_rejects_stale_worker" time="0.001" /><testcase classname="backend.tests.scenario.test_stage4_distributed_local" name="test_stage4_image_enqueue_non_blocking" time="0.004" /><testcase classname="backend.tests.scenario.test_stage4_distributed_local" name="test_stage4_halo_loss_failover" time="0.001" /><testcase classname="backend.tests.scenario.test_stage4_distributed_local" name="test_stage4_distributed_local" time="50.831" /><testcase classname="backend.tests.scenario.test_stage3_autonomous_month" name="test_stage3_autonomous_month" time="49.144" /><testcase classname="backend.tests.scenario.test_stage2_seven_day_world" name="test_stage2_seven_day_world" time="11.972" /></testsuite></testsuites>