<?xml version="1.0" encoding="utf-8"?><testsuites name="pytest tests"><testsuite name="pytest" errors="0" failures="0" skipped="0" tests="269" time="74.082" timestamp="2026-07-29T23:18:38.646202+00:00" hostname="cursor"><testcase classname="backend.tests.architecture.test_import_boundaries" name="test_domain_has_no_infrastructure_or_framework_imports" time="0.023" /><testcase classname="backend.tests.architecture.test_import_boundaries" name="test_application_does_not_import_http_or_orm_models" time="0.091" /><testcase classname="backend.tests.contract.prompts.test_action_proposal_schema" name="test_valid_action_corpus_parses[quiet_mira_wait.json-wait]" time="0.001" /><testcase classname="backend.tests.contract.prompts.test_action_proposal_schema" name="test_valid_action_corpus_parses[quiet_dain_rest.json-rest]" time="0.000" /><testcase classname="backend.tests.contract.prompts.test_action_proposal_schema" name="test_valid_action_corpus_parses[mira_dain_social_communicate.json-communicate]" time="0.000" /><testcase classname="backend.tests.contract.prompts.test_action_proposal_schema" name="test_malformed_and_schema_invalid_corpus_are_rejected" time="0.000" /><testcase classname="backend.tests.contract.prompts.test_action_proposal_schema" name="test_shape_valid_authored_other_reaction_fails_convention_check" time="0.001" /><testcase classname="backend.tests.contract.prompts.test_action_proposal_schema" name="test_resolver_and_narrator_corpus_are_well_formed" time="0.000" /><testcase classname="backend.tests.contract.prompts.test_no_authored_other_reaction" name="test_system_prompts_preserve_stage1_authority_and_knowledge_boundary" time="0.003" /><testcase classname="backend.tests.contract.prompts.test_no_authored_other_reaction" name="test_other_character_reaction_is_rejected_but_open_attempt_is_accepted" time="0.000" /><testcase classname="backend.tests.contract.prompts.test_render_variables" name="test_all_active_prompts_render_from_declared_variables" time="0.009" /><testcase classname="backend.tests.contract.prompts.test_render_variables" name="test_renderer_rejects_unsealed_variables" time="0.004" /><testcase classname="backend.tests.contract.prompts.test_render_variables" name="test_render_hash_covers_prompt_and_variables" time="0.007" /><testcase classname="backend.tests.contract.test_domain_contracts" name="test_fictional_time_ranges" time="0.000" /><testcase classname="backend.tests.contract.test_domain_contracts" name="test_phase_and_scene_run_forbid_extras" time="0.000" /><testcase classname="backend.tests.contract.test_domain_contracts" name="test_effect_union_stage0_and_handbook_kinds" time="0.001" /><testcase classname="backend.tests.contract.test_domain_contracts" name="test_observation_and_memory_ranges" time="0.000" /><testcase classname="backend.tests.contract.test_domain_contracts" name="test_task_run_and_provenance" time="0.000" /><testcase classname="backend.tests.contract.test_domain_contracts" name="test_json_schemas_generate" time="0.035" /><testcase classname="backend.tests.contract.test_domain_contracts" name="test_action_family_enum_includes_stage0" time="0.000" /><testcase classname="backend.tests.contract.test_model_gateway_fake" name="test_fake_generate_valid" time="0.001" /><testcase classname="backend.tests.contract.test_model_gateway_fake" name="test_fake_generate_malformed_and_schema" time="0.001" /><testcase classname="backend.tests.contract.test_model_gateway_fake" name="test_fake_generate_429" time="0.001" /><testcase classname="backend.tests.contract.test_model_gateway_fake" name="test_fake_embed_dimension_mismatch" time="0.001" /><testcase classname="backend.tests.contract.test_model_gateway_fake" name="test_fake_routes_corpus_by_request_id_then_role" time="0.001" /><testcase classname="backend.tests.contract.test_model_gateway_fake" name="test_fake_classifies_malformed_corpus" time="0.001" /><testcase classname="backend.tests.fault.test_stage0_faults" name="test_crash_after_snapshot_then_resume_no_duplicate_tick" time="2.871" /><testcase classname="backend.tests.fault.test_stage0_faults" name="test_snapshot_insert_once_is_idempotent" time="1.032" /><testcase classname="backend.tests.integration.test_api_worlds" name="test_world_reads_and_advance" time="1.055" /><testcase classname="backend.tests.integration.test_api_worlds" name="test_missing_world_404" time="0.858" /><testcase classname="backend.tests.integration.test_budget_ledger" name="test_reserve_consume_release_expire" time="0.744" /><testcase classname="backend.tests.integration.test_core_schema_constraints" name="test_core_tables_exist" time="0.779" /><testcase classname="backend.tests.integration.test_core_schema_constraints" name="test_rejects_duplicate_phase_and_idempotency" time="0.786" /><testcase classname="backend.tests.integration.test_core_schema_constraints" name="test_rejects_duplicate_event_sequence_and_effect_index" time="0.786" /><testcase classname="backend.tests.integration.test_core_schema_constraints" name="test_rejects_invalid_resource_ranges" time="0.792" /><testcase classname="backend.tests.integration.test_core_schema_constraints" name="test_rejects_duplicate_user_command_idempotency" time="0.778" /><testcase classname="backend.tests.integration.test_core_schema_constraints" name="test_alembic_head_is_0004" time="0.280" /><testcase classname="backend.tests.integration.test_event_commit" name="test_commit_applies_effects_and_side_tables" time="0.821" /><testcase classname="backend.tests.integration.test_event_commit" name="test_duplicate_idempotency_returns_existing" time="0.812" /><testcase classname="backend.tests.integration.test_event_commit" name="test_validation_failure_rolls_back" time="0.806" /><testcase classname="backend.tests.integration.test_event_commit" name="test_optimistic_version_conflict" time="0.802" /><testcase classname="backend.tests.integration.test_migrations_baseline" name="test_alembic_baseline_empty_upgrade" time="2.593" /><testcase classname="backend.tests.integration.test_outbox_dispatch" name="test_outbox_claim_dispatch_and_idempotent_complete" time="0.732" /><testcase classname="backend.tests.integration.test_outbox_dispatch" name="test_outbox_expired_claim_reclaimed" time="0.720" /><testcase classname="backend.tests.integration.test_phase_runner" name="test_seed_then_advance_phase_once" time="0.960" /><testcase classname="backend.tests.integration.test_phase_runner" name="test_repeat_advance_is_idempotent" time="1.205" /><testcase classname="backend.tests.integration.test_phase_runner" name="test_pause_at_snapshot_and_resume" time="0.960" /><testcase classname="backend.tests.integration.test_phase_runner" name="test_restart_after_commit_no_duplicate_events" time="0.954" /><testcase classname="backend.tests.integration.test_postgres_fixture" name="test_postgres_container_fixture" time="0.000" /><testcase classname="backend.tests.integration.test_repositories_uow" name="test_world_crud_clock_and_event_sequence" time="0.783" /><testcase classname="backend.tests.integration.test_repositories_uow" name="test_rollback_discards_phase_insert" time="0.811" /><testcase classname="backend.tests.integration.test_repositories_uow" name="test_character_state_optimistic_concurrency" time="0.786" /><testcase classname="backend.tests.integration.test_repositories_uow" name="test_event_observation_memory_outbox_and_versions" time="0.806" /><testcase classname="backend.tests.integration.test_scene_commit" name="test_scene_commit_is_retry_safe_and_observer_scoped" time="0.836" /><testcase classname="backend.tests.integration.test_scene_commit" name="test_scene_commit_rolls_back_all_projections_on_effect_failure" time="0.815" /><testcase classname="backend.tests.integration.test_seed_import" name="test_import_empty_and_repeat" time="0.904" /><testcase classname="backend.tests.integration.test_seed_import" name="test_broken_reference_rolls_back" time="0.830" /><testcase classname="backend.tests.integration.test_seed_import" name="test_secret_separation_fixture" time="0.859" /><testcase classname="backend.tests.integration.test_seed_import" name="test_import_caldris_stage1_two_characters" time="0.856" /><testcase classname="backend.tests.integration.test_seed_import" name="test_import_caldris_stage2_four_characters" time="0.982" /><testcase classname="backend.tests.integration.test_stage1_api" name="test_stage1_runtime_reads_and_player_commands" time="1.122" /><testcase classname="backend.tests.integration.test_stage1_api" name="test_websocket_replays_from_sequence_and_pongs" time="1.061" /><testcase classname="backend.tests.integration.test_stage1_phase_runner" name="test_stage1_first_day_uses_sealed_snapshots_and_restart_safe_tasks" time="1.291" /><testcase classname="backend.tests.integration.test_stage1_phase_runner" name="test_stage1_pause_after_snapshot_resumes_same_phase" time="1.127" /><testcase classname="backend.tests.integration.test_stage1_schema" name="test_stage1_tables_exist" time="0.814" /><testcase classname="backend.tests.integration.test_stage1_schema" name="test_stage1_migration_roundtrip" time="2.568" /><testcase classname="backend.tests.integration.test_stage1_schema" name="test_rejects_duplicate_primary_action" time="0.803" /><testcase classname="backend.tests.integration.test_stage1_schema" name="test_rejects_duplicate_scene_participant" time="0.782" /><testcase classname="backend.tests.integration.test_stage1_schema" name="test_rejects_duplicate_resolution_idempotency" time="0.796" /><testcase classname="backend.tests.integration.test_stage2_api" name="test_stage2_day_progress_beliefs_isolation_and_run_day" time="2.738" /><testcase classname="backend.tests.integration.test_stage2_schema" name="test_stage2_tables_exist" time="0.803" /><testcase classname="backend.tests.integration.test_stage2_schema" name="test_stage2_migration_roundtrip" time="2.573" /><testcase classname="backend.tests.integration.test_stage2_schema" name="test_rejects_duplicate_relationship_edge" time="0.810" /><testcase classname="backend.tests.integration.test_stage2_schema" name="test_rejects_duplicate_belief_proposition" time="0.798" /><testcase classname="backend.tests.integration.test_stage2_schema" name="test_rejects_duplicate_npc_profile" time="0.788" /><testcase classname="backend.tests.integration.test_stage2_schema" name="test_rejects_belief_confidence_above_one" time="0.805" /><testcase classname="backend.tests.integration.test_stage2_schema" name="test_rejects_route_nonpositive_distance" time="0.803" /><testcase classname="backend.tests.integration.test_stage2_schema" name="test_travel_activity_requires_route" time="0.818" /><testcase classname="backend.tests.integration.test_stage2_schema" name="test_scene_and_event_additive_columns" time="0.806" /><testcase classname="backend.tests.integration.test_task_queue" name="test_create_is_idempotent" time="0.740" /><testcase classname="backend.tests.integration.test_task_queue" name="test_two_workers_cannot_claim_same_task" time="0.745" /><testcase classname="backend.tests.integration.test_task_queue" name="test_dependency_blocks_claim_until_parent_succeeds" time="0.780" /><testcase classname="backend.tests.integration.test_task_queue" name="test_expired_lease_can_be_reclaimed" time="0.762" /><testcase classname="backend.tests.integration.test_task_queue" name="test_terminal_tasks_never_reclaimed" time="0.746" /><testcase classname="backend.tests.integration.test_task_queue" name="test_retry_then_dead_letter" time="0.766" /><testcase classname="backend.tests.integration.test_task_queue" name="test_heartbeat_extends_lease" time="0.759" /><testcase classname="backend.tests.property.test_calendar_properties" name="test_absolute_phase_monotonic_over_full_day_cycle" time="0.000" /><testcase classname="backend.tests.scenario.test_stage0_foundation" name="test_stage0_foundation_scenario" time="0.953" /><testcase classname="backend.tests.scenario.test_stage1_first_day" name="test_stage1_first_day_scenario" time="1.384" /><testcase classname="backend.tests.scenario.test_stage2_seven_day_world" name="test_stage2_seven_day_world" time="11.449" /><testcase classname="backend.tests.security.test_secret_hygiene" name="test_generated_docs_have_no_live_api_keys" time="0.002" /><testcase classname="backend.tests.security.test_secret_hygiene" name="test_redaction_blocks_openrouter_style_keys" time="0.000" /><testcase classname="backend.tests.unit.agents.test_stage1_graphs" name="test_decision_graph_accepts_valid_corpus_and_seals_provenance" time="0.005" /><testcase classname="backend.tests.unit.agents.test_stage1_graphs" name="test_decision_graph_repairs_once_then_returns_valid_regeneration" time="0.005" /><testcase classname="backend.tests.unit.agents.test_stage1_graphs" name="test_decision_graph_outage_or_invalid_output_uses_safe_fallback[schema_invalid]" time="0.005" /><testcase classname="backend.tests.unit.agents.test_stage1_graphs" name="test_decision_graph_outage_or_invalid_output_uses_safe_fallback[timeout]" time="0.005" /><testcase classname="backend.tests.unit.agents.test_stage1_graphs" name="test_decision_graph_outage_or_invalid_output_uses_safe_fallback[rate_limited]" time="0.005" /><testcase classname="backend.tests.unit.agents.test_stage1_graphs" name="test_decision_graph_domain_invalid_output_regenerates_then_falls_back" time="0.005" /><testcase classname="backend.tests.unit.agents.test_stage1_graphs" name="test_decision_fallback_prefers_existing_activity" time="0.005" /><testcase classname="backend.tests.unit.agents.test_stage1_graphs" name="test_reaction_graph_accepts_only_the_perceived_attempt" time="0.005" /><testcase classname="backend.tests.unit.agents.test_stage1_graphs" name="test_reaction_graph_rejects_unperceived_attempt_and_falls_back" time="0.005" /><testcase classname="backend.tests.unit.agents.test_stage1_graphs" name="test_resolver_uses_no_model_for_simple_move" time="0.001" /><testcase classname="backend.tests.unit.agents.test_stage1_graphs" name="test_resolver_accepts_restricted_social_claim" time="0.005" /><testcase classname="backend.tests.unit.agents.test_stage1_graphs" name="test_resolver_rejects_stage2_effect_and_falls_back" time="0.005" /><testcase classname="backend.tests.unit.agents.test_stage2_graphs" name="test_decision_graph_accepts_goals_plans_claims_additive_context" time="0.006" /><testcase classname="backend.tests.unit.agents.test_stage2_graphs" name="test_decision_graph_malformed_output_repairs_with_goals_context" time="0.005" /><testcase classname="backend.tests.unit.agents.test_stage2_graphs" name="test_reaction_graph_multiparty_participant_list" time="0.005" /><testcase classname="backend.tests.unit.agents.test_stage2_graphs" name="test_reaction_graph_rejects_non_participant_target_then_falls_back" time="0.005" /><testcase classname="backend.tests.unit.agents.test_stage2_graphs" name="test_restricted_effect_schema_excludes_unrelated_kinds" time="0.000" /><testcase classname="backend.tests.unit.agents.test_stage2_graphs" name="test_director_proposal_graph_trigger_validate_no_commit" time="0.001" /><testcase classname="backend.tests.unit.agents.test_stage2_graphs" name="test_director_invalid_proposal_uses_no_event_fallback" time="0.001" /><testcase classname="backend.tests.unit.agents.test_stage2_graphs" name="test_memory_consolidation_graph_returns_records_without_commit" time="0.001" /><testcase classname="backend.tests.unit.agents.test_stage2_graphs" name="test_npc_scene_graph_uses_knowledge_packages_and_repairs_malformed" time="0.001" /><testcase classname="backend.tests.unit.agents.test_stage2_graphs" name="test_npc_scene_graph_skips_ineligible_and_defaults_without_gateway" time="0.001" /><testcase classname="backend.tests.unit.application.context.test_assembler_leakage" name="test_same_snapshot_id_for_both_characters" time="0.001" /><testcase classname="backend.tests.unit.application.context.test_assembler_leakage" name="test_private_belief_isolation" time="0.001" /><testcase classname="backend.tests.unit.application.context.test_assembler_leakage" name="test_relationship_directional_isolation" time="0.001" /><testcase classname="backend.tests.unit.application.context.test_assembler_leakage" name="test_package_hash_deterministic_and_verifiable" time="0.001" /><testcase classname="backend.tests.unit.application.context.test_assembler_leakage" name="test_malicious_memory_delimiter_sanitized" time="0.001" /><testcase classname="backend.tests.unit.application.context.test_token_trim" name="test_estimate_tokens_deterministic" time="0.000" /><testcase classname="backend.tests.unit.application.context.test_token_trim" name="test_large_memory_is_trimmed" time="0.002" /><testcase classname="backend.tests.unit.application.director.test_director_v1" name="test_healthy_progression_does_not_call_director" time="0.000" /><testcase classname="backend.tests.unit.application.director.test_director_v1" name="test_stagnation_fixture_triggers_director_call" time="0.000" /><testcase classname="backend.tests.unit.application.director.test_director_v1" name="test_proposal_rejects_secret_without_disclosure_path" time="0.000" /><testcase classname="backend.tests.unit.application.director.test_director_v1" name="test_proposal_accepts_secret_with_disclosure_path" time="0.000" /><testcase classname="backend.tests.unit.application.director.test_director_v1" name="test_proposal_rejects_secret_key_in_public_payload" time="0.000" /><testcase classname="backend.tests.unit.application.director.test_director_v1" name="test_proposal_rejects_protected_secret_embedded_in_facts" time="0.000" /><testcase classname="backend.tests.unit.application.director.test_director_v1" name="test_proposal_rejects_mandatory_romance" time="0.000" /><testcase classname="backend.tests.unit.application.director.test_director_v1" name="test_cooldown_blocks_disruptive_proposal" time="0.001" /><testcase classname="backend.tests.unit.application.director.test_director_v1" name="test_safe_no_event_fallback_on_validation_failure" time="0.000" /><testcase classname="backend.tests.unit.application.director.test_director_v1" name="test_upsert_hook_and_record_narrative_metric" time="0.001" /><testcase classname="backend.tests.unit.application.director.test_director_v1" name="test_valid_proposal_remains_proposal_only" time="0.000" /><testcase classname="backend.tests.unit.application.knowledge.test_beliefs" name="test_clamp_confidence_bounds[-1-expected0]" time="0.000" /><testcase classname="backend.tests.unit.application.knowledge.test_beliefs" name="test_clamp_confidence_bounds[0-expected1]" time="0.000" /><testcase classname="backend.tests.unit.application.knowledge.test_beliefs" name="test_clamp_confidence_bounds[0.5-expected2]" time="0.000" /><testcase classname="backend.tests.unit.application.knowledge.test_beliefs" name="test_clamp_confidence_bounds[1-expected3]" time="0.000" /><testcase classname="backend.tests.unit.application.knowledge.test_beliefs" name="test_clamp_confidence_bounds[2.5-expected4]" time="0.000" /><testcase classname="backend.tests.unit.application.knowledge.test_beliefs" name="test_clamp_confidence_bounds[0.12345-expected5]" time="0.000" /><testcase classname="backend.tests.unit.application.knowledge.test_beliefs" name="test_observation_evidence_updates_confidence_with_provenance" time="0.000" /><testcase classname="backend.tests.unit.application.knowledge.test_beliefs" name="test_claim_evidence_can_reduce_but_not_below_zero" time="0.000" /><testcase classname="backend.tests.unit.application.knowledge.test_claims" name="test_lie_produces_claim_not_objective_fact" time="0.000" /><testcase classname="backend.tests.unit.application.knowledge.test_claims" name="test_rumour_creates_new_claim_with_source_linkage" time="0.000" /><testcase classname="backend.tests.unit.application.knowledge.test_eligibility" name="test_eligibility_matrix[kwargs0-absent]" time="0.000" /><testcase classname="backend.tests.unit.application.knowledge.test_eligibility" name="test_eligibility_matrix[kwargs1-direct_witness]" time="0.000" /><testcase classname="backend.tests.unit.application.knowledge.test_eligibility" name="test_eligibility_matrix[kwargs2-direct_witness]" time="0.000" /><testcase classname="backend.tests.unit.application.knowledge.test_eligibility" name="test_eligibility_matrix[kwargs3-partial]" time="0.000" /><testcase classname="backend.tests.unit.application.knowledge.test_eligibility" name="test_eligibility_matrix[kwargs4-hearing_only]" time="0.000" /><testcase classname="backend.tests.unit.application.knowledge.test_eligibility" name="test_eligibility_matrix[kwargs5-absent]" time="0.000" /><testcase classname="backend.tests.unit.application.knowledge.test_eligibility" name="test_eligibility_matrix[kwargs6-hearing_only]" time="0.000" /><testcase classname="backend.tests.unit.application.knowledge.test_eligibility" name="test_eligibility_matrix[kwargs7-partial]" time="0.000" /><testcase classname="backend.tests.unit.application.knowledge.test_eligibility" name="test_absent_excluded_from_eligible_list" time="0.000" /><testcase classname="backend.tests.unit.application.knowledge.test_leakage" name="test_mira_secret_not_in_other_character_lookups" time="0.000" /><testcase classname="backend.tests.unit.application.knowledge.test_leakage" name="test_mira_secret_absent_from_assembled_peer_packages" time="0.001" /><testcase classname="backend.tests.unit.application.knowledge.test_leakage" name="test_npc_restricted_package_excludes_director_only" time="0.000" /><testcase classname="backend.tests.unit.application.knowledge.test_leakage" name="test_secret_policy_denies_without_grant" time="0.000" /><testcase classname="backend.tests.unit.application.knowledge.test_leakage" name="test_fixture_private_beliefs_still_isolated" time="0.000" /><testcase classname="backend.tests.unit.application.knowledge.test_leakage_corpus" name="test_stage2_leakage_corpus_meets_gate_threshold" time="0.012" /><testcase classname="backend.tests.unit.application.knowledge.test_observations" name="test_two_witnesses_diverge_on_same_event" time="0.000" /><testcase classname="backend.tests.unit.application.knowledge.test_observations" name="test_absent_character_gets_no_observation" time="0.000" /><testcase classname="backend.tests.unit.application.knowledge.test_prompt_injection" name="test_injection_text_cannot_escalate_secret_access" time="0.000" /><testcase classname="backend.tests.unit.application.memory.test_daily_consolidation" name="test_source_completeness_every_cited_id_is_owner_observation" time="0.000" /><testcase classname="backend.tests.unit.application.memory.test_daily_consolidation" name="test_perspective_filter_excludes_other_characters_observations" time="0.000" /><testcase classname="backend.tests.unit.application.memory.test_daily_consolidation" name="test_diary_has_no_absent_secrets" time="0.001" /><testcase classname="backend.tests.unit.application.memory.test_daily_consolidation" name="test_failed_model_falls_back_to_extractive" time="0.000" /><testcase classname="backend.tests.unit.application.memory.test_daily_consolidation" name="test_model_unsupported_source_ids_fall_back" time="0.000" /><testcase classname="backend.tests.unit.application.memory.test_daily_consolidation" name="test_successful_fake_consolidator_accepted" time="0.000" /><testcase classname="backend.tests.unit.application.memory.test_daily_consolidation" name="test_retry_does_not_duplicate_summaries" time="0.000" /><testcase classname="backend.tests.unit.application.memory.test_daily_consolidation" name="test_routine_observations_compact_without_deleting" time="0.001" /><testcase classname="backend.tests.unit.application.memory.test_daily_consolidation" name="test_extractive_empty_day" time="0.000" /><testcase classname="backend.tests.unit.application.npc.test_npc_registry_v1" name="test_duplicate_blacksmith_resolves_to_existing" time="0.000" /><testcase classname="backend.tests.unit.application.npc.test_npc_registry_v1" name="test_npc_knowledge_package_excludes_director_and_omniscient" time="0.001" /><testcase classname="backend.tests.unit.application.npc.test_npc_registry_v1" name="test_ttl_extends_after_meaningful_scene" time="0.000" /><testcase classname="backend.tests.unit.application.npc.test_npc_registry_v1" name="test_archive_blocks_ordinary_actor_tasks_but_allows_recall" time="0.000" /><testcase classname="backend.tests.unit.application.npc.test_npc_registry_v1" name="test_budget_rejection_scene_region_and_daily" time="0.000" /><testcase classname="backend.tests.unit.application.orchestration.test_day_boundary_idempotency" name="test_process_restart_at_day_boundary_reuses_day_run" time="0.001" /><testcase classname="backend.tests.unit.application.orchestration.test_day_boundary_idempotency" name="test_day_consolidation_keys_are_stable_per_world_day" time="0.000" /><testcase classname="backend.tests.unit.application.simulation.test_activation" name="test_alive_character_is_eligible" time="0.000" /><testcase classname="backend.tests.unit.application.simulation.test_activation" name="test_incapacitated_character_has_explicit_skip_status[dead-skipped_dead-character is dead]" time="0.000" /><testcase classname="backend.tests.unit.application.simulation.test_activation" name="test_incapacitated_character_has_explicit_skip_status[unconscious-skipped_unconscious-character is unconscious]" time="0.000" /><testcase classname="backend.tests.unit.application.simulation.test_priority" name="test_priority_uses_documented_weights_without_model_salience" time="0.000" /><testcase classname="backend.tests.unit.application.simulation.test_priority" name="test_priority_rejects_non_normalized_inputs[-0.01]" time="0.000" /><testcase classname="backend.tests.unit.application.simulation.test_priority" name="test_priority_rejects_non_normalized_inputs[1.01]" time="0.000" /><testcase classname="backend.tests.unit.application.simulation.test_priority" name="test_beat_budgets_cover_stage1_defaults_and_clamp" time="0.000" /><testcase classname="backend.tests.unit.application.simulation.test_s2_sim_001_calendar_travel" name="test_stage2_profile_includes_all_ten_phases" time="0.000" /><testcase classname="backend.tests.unit.application.simulation.test_s2_sim_001_calendar_travel" name="test_full_day_phase_sequence_advances_day_at_midnight" time="0.000" /><testcase classname="backend.tests.unit.application.simulation.test_s2_sim_001_calendar_travel" name="test_stage1_activation_compat_unchanged" time="0.000" /><testcase classname="backend.tests.unit.application.simulation.test_s2_sim_001_calendar_travel" name="test_sleeping_character_skipped_unless_woken" time="0.000" /><testcase classname="backend.tests.unit.application.simulation.test_s2_sim_001_calendar_travel" name="test_scheduled_sleep_uses_default_night_window" time="0.000" /><testcase classname="backend.tests.unit.application.simulation.test_s2_sim_001_calendar_travel" name="test_travel_continues_without_llm" time="0.000" /><testcase classname="backend.tests.unit.application.simulation.test_s2_sim_001_calendar_travel" name="test_dead_and_unconscious_are_skip" time="0.000" /><testcase classname="backend.tests.unit.application.simulation.test_s2_sim_001_calendar_travel" name="test_travel_advances_with_seed_modifier_and_restart_preserves_progress" time="0.000" /><testcase classname="backend.tests.unit.application.simulation.test_s2_sim_001_calendar_travel" name="test_travel_completes_on_arrival" time="0.000" /><testcase classname="backend.tests.unit.application.simulation.test_s2_sim_001_calendar_travel" name="test_intersecting_travel_encounter_detection" time="0.000" /><testcase classname="backend.tests.unit.application.simulation.test_s2_sim_001_calendar_travel" name="test_route_invalidation_interrupts_safely" time="0.000" /><testcase classname="backend.tests.unit.application.simulation.test_s2_sim_001_calendar_travel" name="test_interrupt_activity_preserves_progress" time="0.000" /><testcase classname="backend.tests.unit.application.simulation.test_s2_sim_001_calendar_travel" name="test_estimate_phase_model_requests_skips_non_decision_actors" time="0.000" /><testcase classname="backend.tests.unit.application.simulation.test_s2_sim_001_calendar_travel" name="test_custom_sleep_schedule_wake_rules" time="0.000" /><testcase classname="backend.tests.unit.application.simulation.test_s2_sim_001_calendar_travel" name="test_travel_requires_route" time="0.000" /><testcase classname="backend.tests.unit.application.simulation.test_s2_sim_002_multiparty_scenes" name="test_four_character_social_scene_uses_group_beat_budget" time="0.000" /><testcase classname="backend.tests.unit.application.simulation.test_s2_sim_002_multiparty_scenes" name="test_two_independent_scenes_run_concurrently" time="0.000" /><testcase classname="backend.tests.unit.application.simulation.test_s2_sim_002_multiparty_scenes" name="test_same_item_conflict_is_merged" time="0.000" /><testcase classname="backend.tests.unit.application.simulation.test_s2_sim_002_multiparty_scenes" name="test_conversation_continues_next_phase_rather_than_looping" time="0.000" /><testcase classname="backend.tests.unit.application.simulation.test_s2_sim_002_multiparty_scenes" name="test_npc_batch_respects_per_npc_knowledge_isolation" time="0.000" /><testcase classname="backend.tests.unit.application.simulation.test_s2_sim_002_multiparty_scenes" name="test_shared_npc_knowledge_hash_rejected" time="0.000" /><testcase classname="backend.tests.unit.application.simulation.test_s2_sim_002_multiparty_scenes" name="test_focus_and_npc_budgets_enforced" time="0.000" /><testcase classname="backend.tests.unit.application.simulation.test_s2_sim_002_multiparty_scenes" name="test_stage2_beat_budget_table" time="0.000" /><testcase classname="backend.tests.unit.application.simulation.test_s2_sim_002_multiparty_scenes" name="test_initiative_distinct_from_global_priority" time="0.000" /><testcase classname="backend.tests.unit.application.simulation.test_scene_grouping" name="test_visit_and_wait_merge_into_one_social_scene" time="0.000" /><testcase classname="backend.tests.unit.application.simulation.test_scene_grouping" name="test_independent_actions_at_different_locations_remain_solo" time="0.000" /><testcase classname="backend.tests.unit.application.simulation.test_scene_grouping" name="test_proposals_for_same_target_merge_and_sort_before_unrelated_solo" time="0.000" /><testcase classname="backend.tests.unit.application.simulation.test_scene_grouping" name="test_proposal_conflict_sets_are_immutable_and_include_referenced_aggregates" time="0.000" /><testcase classname="backend.tests.unit.domain.test_goals_plans_relationships" name="test_goal_lifecycle_and_priority" time="0.000" /><testcase classname="backend.tests.unit.domain.test_goals_plans_relationships" name="test_goal_rejects_out_of_range_priority" time="0.000" /><testcase classname="backend.tests.unit.domain.test_goals_plans_relationships" name="test_one_active_primary_plan_unless_alternatives_allowed" time="0.000" /><testcase classname="backend.tests.unit.domain.test_goals_plans_relationships" name="test_revise_plan_and_step_status" time="0.000" /><testcase classname="backend.tests.unit.domain.test_goals_plans_relationships" name="test_plan_invalidation_when_location_or_resource_prerequisite_fails" time="0.000" /><testcase classname="backend.tests.unit.domain.test_goals_plans_relationships" name="test_commitment_status_preserves_reminder_fields" time="0.000" /><testcase classname="backend.tests.unit.domain.test_goals_plans_relationships" name="test_asymmetric_relationships" time="0.000" /><testcase classname="backend.tests.unit.domain.test_goals_plans_relationships" name="test_repeated_positive_evidence_diminishes" time="0.000" /><testcase classname="backend.tests.unit.domain.test_goals_plans_relationships" name="test_betrayal_reduces_trust_within_bounds" time="0.000" /><testcase classname="backend.tests.unit.domain.test_goals_plans_relationships" name="test_trust_cannot_jump_beyond_configured_delta" time="0.000" /><testcase classname="backend.tests.unit.domain.test_goals_plans_relationships" name="test_kindness_does_not_increase_attraction" time="0.000" /><testcase classname="backend.tests.unit.domain.test_goals_plans_relationships" name="test_unsupported_relationship_dimension_rejected" time="0.000" /><testcase classname="backend.tests.unit.domain.test_goals_plans_relationships" name="test_seed_edge_may_exist_without_evidence" time="0.000" /><testcase classname="backend.tests.unit.test_api_health" name="test_health_live" time="0.003" /><testcase classname="backend.tests.unit.test_api_health" name="test_correlation_id_echo" time="0.003" /><testcase classname="backend.tests.unit.test_api_health" name="test_health_ready_up" time="0.004" /><testcase classname="backend.tests.unit.test_api_health" name="test_health_ready_down" time="0.004" /><testcase classname="backend.tests.unit.test_calendar" name="test_phase_order_has_ten" time="0.000" /><testcase classname="backend.tests.unit.test_calendar" name="test_midnight_to_dawn_increments_day" time="0.000" /><testcase classname="backend.tests.unit.test_calendar" name="test_non_midnight_keeps_day" time="0.000" /><testcase classname="backend.tests.unit.test_consistency_audit" name="test_stage0_consistency_audit_clean" time="0.000" /><testcase classname="backend.tests.unit.test_consistency_audit" name="test_stage0_consistency_audit_reports_failures" time="0.000" /><testcase classname="backend.tests.unit.test_effect_validation" name="test_validate_spend_insufficient" time="0.000" /><testcase classname="backend.tests.unit.test_effect_validation" name="test_validate_and_project_move" time="0.000" /><testcase classname="backend.tests.unit.test_effect_validation" name="test_wait_and_memory_ok" time="0.000" /><testcase classname="backend.tests.unit.test_effect_validation" name="test_phase_stage_and_run_transitions" time="0.000" /><testcase classname="backend.tests.unit.test_harness" name="test_fake_clock_advances" time="0.000" /><testcase classname="backend.tests.unit.test_harness" name="test_seeded_random_script" time="0.000" /><testcase classname="backend.tests.unit.test_harness" name="test_fake_model_gateway_scripts" time="0.001" /><testcase classname="backend.tests.unit.test_harness" name="test_block_network_raises" time="0.000" /><testcase classname="backend.tests.unit.test_harness" name="test_scenario_harness_skeleton_loads" time="0.000" /><testcase classname="backend.tests.unit.test_invariants_registry" name="test_registry_contains_stage0_invariants" time="0.000" /><testcase classname="backend.tests.unit.test_invariants_registry" name="test_absolute_phase_invariant" time="0.000" /><testcase classname="backend.tests.unit.test_logging_redaction" name="test_redact_api_key_assignment" time="0.000" /><testcase classname="backend.tests.unit.test_logging_redaction" name="test_redact_bearer_token" time="0.000" /><testcase classname="backend.tests.unit.test_logging_redaction" name="test_redacting_filter_on_log_record" time="0.000" /><testcase classname="backend.tests.unit.test_model_gateway_boundaries" name="test_no_provider_sdk_imports_in_application_models" time="0.003" /><testcase classname="backend.tests.unit.test_model_profiles" name="test_stage0_profiles_load_and_select" time="0.001" /><testcase classname="backend.tests.unit.test_model_profiles" name="test_sampling_defaults" time="0.000" /><testcase classname="backend.tests.unit.test_model_profiles" name="test_missing_role_raises" time="0.001" /><testcase classname="backend.tests.unit.test_openrouter_errors" name="test_map_http_429_and_402" time="0.000" /><testcase classname="backend.tests.unit.test_openrouter_errors" name="test_map_openrouter_error_body" time="0.000" /><testcase classname="backend.tests.unit.test_openrouter_errors" name="test_capability_probe_stub" time="0.001" /><testcase classname="backend.tests.unit.test_phase_clock" name="test_advance_dawn_to_sunrise" time="0.000" /><testcase classname="backend.tests.unit.test_phase_clock" name="test_advance_midnight_rolls_day" time="0.000" /><testcase classname="backend.tests.unit.test_seed_ids" name="test_seed_uuid_stable" time="0.000" /><testcase classname="backend.tests.unit.test_seed_ids" name="test_load_and_validate_stage0_pack" time="0.026" /><testcase classname="backend.tests.unit.test_seed_ids" name="test_broken_location_reference_fails_validation" time="0.025" /><testcase classname="backend.tests.unit.test_settings" name="test_stage0_profile_loads_and_validates" time="0.001" /><testcase classname="backend.tests.unit.test_settings" name="test_test_profile_loads" time="0.001" /><testcase classname="backend.tests.unit.test_settings" name="test_public_bind_without_auth_rejected" time="0.001" /><testcase classname="backend.tests.unit.test_settings" name="test_public_bind_allowed_with_override" time="0.001" /><testcase classname="backend.tests.unit.test_settings" name="test_embedding_dimension_mismatch_rejected" time="0.001" /><testcase classname="backend.tests.unit.test_task_transitions" name="test_terminal_states" time="0.000" /><testcase classname="backend.tests.unit.test_task_transitions" name="test_pending_claimable_without_lease" time="0.000" /><testcase classname="backend.tests.unit.test_task_transitions" name="test_pending_not_claimable_before_available_at" time="0.000" /><testcase classname="backend.tests.unit.test_task_transitions" name="test_claimed_reclaimable_only_when_expired" time="0.000" /><testcase classname="backend.tests.unit.test_task_transitions" name="test_succeeded_never_claimable" time="0.344" /></testsuite></testsuites>