<?xml version="1.0" encoding="utf-8"?><testsuites name="pytest tests"><testsuite name="pytest" errors="0" failures="0" skipped="0" tests="99" time="29.768" timestamp="2026-07-29T17:45:06.737934+00:00" hostname="cursor"><testcase classname="backend.tests.architecture.test_import_boundaries" name="test_domain_has_no_infrastructure_or_framework_imports" time="0.013" /><testcase classname="backend.tests.architecture.test_import_boundaries" name="test_application_does_not_import_http_or_orm_models" time="0.019" /><testcase classname="backend.tests.contract.test_domain_contracts" name="test_fictional_time_ranges" time="0.000" /><testcase classname="backend.tests.contract.test_domain_contracts" name="test_phase_and_scene_run_forbid_extras" time="0.000" /><testcase classname="backend.tests.contract.test_domain_contracts" name="test_effect_union_stage0_and_handbook_kinds" time="0.001" /><testcase classname="backend.tests.contract.test_domain_contracts" name="test_observation_and_memory_ranges" time="0.000" /><testcase classname="backend.tests.contract.test_domain_contracts" name="test_task_run_and_provenance" time="0.000" /><testcase classname="backend.tests.contract.test_domain_contracts" name="test_json_schemas_generate" time="0.035" /><testcase classname="backend.tests.contract.test_domain_contracts" name="test_action_family_enum_includes_stage0" time="0.000" /><testcase classname="backend.tests.contract.test_model_gateway_fake" name="test_fake_generate_valid" time="0.001" /><testcase classname="backend.tests.contract.test_model_gateway_fake" name="test_fake_generate_malformed_and_schema" time="0.001" /><testcase classname="backend.tests.contract.test_model_gateway_fake" name="test_fake_generate_429" time="0.001" /><testcase classname="backend.tests.contract.test_model_gateway_fake" name="test_fake_embed_dimension_mismatch" time="0.001" /><testcase classname="backend.tests.fault.test_stage0_faults" name="test_crash_after_snapshot_then_resume_no_duplicate_tick" time="3.012" /><testcase classname="backend.tests.fault.test_stage0_faults" name="test_snapshot_insert_once_is_idempotent" time="0.796" /><testcase classname="backend.tests.integration.test_api_worlds" name="test_world_reads_and_advance" time="0.904" /><testcase classname="backend.tests.integration.test_api_worlds" name="test_missing_world_404" time="0.678" /><testcase classname="backend.tests.integration.test_budget_ledger" name="test_reserve_consume_release_expire" time="0.593" /><testcase classname="backend.tests.integration.test_core_schema_constraints" name="test_core_tables_exist" time="0.615" /><testcase classname="backend.tests.integration.test_core_schema_constraints" name="test_rejects_duplicate_phase_and_idempotency" time="0.610" /><testcase classname="backend.tests.integration.test_core_schema_constraints" name="test_rejects_duplicate_event_sequence_and_effect_index" time="0.635" /><testcase classname="backend.tests.integration.test_core_schema_constraints" name="test_rejects_invalid_resource_ranges" time="0.598" /><testcase classname="backend.tests.integration.test_core_schema_constraints" name="test_rejects_duplicate_user_command_idempotency" time="0.609" /><testcase classname="backend.tests.integration.test_core_schema_constraints" name="test_alembic_head_is_0002" time="0.281" /><testcase classname="backend.tests.integration.test_event_commit" name="test_commit_applies_effects_and_side_tables" time="0.673" /><testcase classname="backend.tests.integration.test_event_commit" name="test_duplicate_idempotency_returns_existing" time="0.656" /><testcase classname="backend.tests.integration.test_event_commit" name="test_validation_failure_rolls_back" time="0.661" /><testcase classname="backend.tests.integration.test_event_commit" name="test_optimistic_version_conflict" time="0.638" /><testcase classname="backend.tests.integration.test_migrations_baseline" name="test_alembic_baseline_empty_upgrade" time="2.304" /><testcase classname="backend.tests.integration.test_outbox_dispatch" name="test_outbox_claim_dispatch_and_idempotent_complete" time="0.619" /><testcase classname="backend.tests.integration.test_outbox_dispatch" name="test_outbox_expired_claim_reclaimed" time="0.599" /><testcase classname="backend.tests.integration.test_phase_runner" name="test_seed_then_advance_phase_once" time="0.788" /><testcase classname="backend.tests.integration.test_phase_runner" name="test_repeat_advance_is_idempotent" time="1.072" /><testcase classname="backend.tests.integration.test_phase_runner" name="test_pause_at_snapshot_and_resume" time="0.817" /><testcase classname="backend.tests.integration.test_phase_runner" name="test_restart_after_commit_no_duplicate_events" time="0.806" /><testcase classname="backend.tests.integration.test_postgres_fixture" name="test_postgres_container_fixture" time="0.000" /><testcase classname="backend.tests.integration.test_repositories_uow" name="test_world_crud_clock_and_event_sequence" time="0.627" /><testcase classname="backend.tests.integration.test_repositories_uow" name="test_rollback_discards_phase_insert" time="0.669" /><testcase classname="backend.tests.integration.test_repositories_uow" name="test_character_state_optimistic_concurrency" time="0.666" /><testcase classname="backend.tests.integration.test_repositories_uow" name="test_event_observation_memory_outbox_and_versions" time="0.683" /><testcase classname="backend.tests.integration.test_seed_import" name="test_import_empty_and_repeat" time="0.726" /><testcase classname="backend.tests.integration.test_seed_import" name="test_broken_reference_rolls_back" time="0.622" /><testcase classname="backend.tests.integration.test_seed_import" name="test_secret_separation_fixture" time="0.709" /><testcase classname="backend.tests.integration.test_task_queue" name="test_create_is_idempotent" time="0.628" /><testcase classname="backend.tests.integration.test_task_queue" name="test_two_workers_cannot_claim_same_task" time="0.649" /><testcase classname="backend.tests.integration.test_task_queue" name="test_dependency_blocks_claim_until_parent_succeeds" time="0.628" /><testcase classname="backend.tests.integration.test_task_queue" name="test_expired_lease_can_be_reclaimed" time="0.626" /><testcase classname="backend.tests.integration.test_task_queue" name="test_terminal_tasks_never_reclaimed" time="0.645" /><testcase classname="backend.tests.integration.test_task_queue" name="test_retry_then_dead_letter" time="0.635" /><testcase classname="backend.tests.integration.test_task_queue" name="test_heartbeat_extends_lease" time="0.612" /><testcase classname="backend.tests.property.test_calendar_properties" name="test_absolute_phase_monotonic_over_full_day_cycle" time="0.000" /><testcase classname="backend.tests.scenario.test_stage0_foundation" name="test_stage0_foundation_scenario" time="0.880" /><testcase classname="backend.tests.security.test_secret_hygiene" name="test_generated_docs_have_no_live_api_keys" time="0.002" /><testcase classname="backend.tests.security.test_secret_hygiene" name="test_redaction_blocks_openrouter_style_keys" time="0.000" /><testcase classname="backend.tests.unit.test_api_health" name="test_health_live" time="0.003" /><testcase classname="backend.tests.unit.test_api_health" name="test_correlation_id_echo" time="0.003" /><testcase classname="backend.tests.unit.test_api_health" name="test_health_ready_up" time="0.004" /><testcase classname="backend.tests.unit.test_api_health" name="test_health_ready_down" time="0.004" /><testcase classname="backend.tests.unit.test_calendar" name="test_phase_order_has_ten" time="0.000" /><testcase classname="backend.tests.unit.test_calendar" name="test_midnight_to_dawn_increments_day" time="0.000" /><testcase classname="backend.tests.unit.test_calendar" name="test_non_midnight_keeps_day" time="0.000" /><testcase classname="backend.tests.unit.test_consistency_audit" name="test_stage0_consistency_audit_clean" time="0.000" /><testcase classname="backend.tests.unit.test_consistency_audit" name="test_stage0_consistency_audit_reports_failures" time="0.000" /><testcase classname="backend.tests.unit.test_effect_validation" name="test_validate_spend_insufficient" time="0.000" /><testcase classname="backend.tests.unit.test_effect_validation" name="test_validate_and_project_move" time="0.000" /><testcase classname="backend.tests.unit.test_effect_validation" name="test_wait_and_memory_ok" time="0.000" /><testcase classname="backend.tests.unit.test_effect_validation" name="test_phase_stage_and_run_transitions" time="0.000" /><testcase classname="backend.tests.unit.test_harness" name="test_fake_clock_advances" time="0.000" /><testcase classname="backend.tests.unit.test_harness" name="test_seeded_random_script" time="0.000" /><testcase classname="backend.tests.unit.test_harness" name="test_fake_model_gateway_scripts" time="0.001" /><testcase classname="backend.tests.unit.test_harness" name="test_block_network_raises" time="0.000" /><testcase classname="backend.tests.unit.test_harness" name="test_scenario_harness_skeleton_loads" time="0.000" /><testcase classname="backend.tests.unit.test_invariants_registry" name="test_registry_contains_stage0_invariants" time="0.000" /><testcase classname="backend.tests.unit.test_invariants_registry" name="test_absolute_phase_invariant" time="0.000" /><testcase classname="backend.tests.unit.test_logging_redaction" name="test_redact_api_key_assignment" time="0.000" /><testcase classname="backend.tests.unit.test_logging_redaction" name="test_redact_bearer_token" time="0.000" /><testcase classname="backend.tests.unit.test_logging_redaction" name="test_redacting_filter_on_log_record" time="0.000" /><testcase classname="backend.tests.unit.test_model_gateway_boundaries" name="test_no_provider_sdk_imports_in_application_models" time="0.003" /><testcase classname="backend.tests.unit.test_model_profiles" name="test_stage0_profiles_load_and_select" time="0.001" /><testcase classname="backend.tests.unit.test_model_profiles" name="test_sampling_defaults" time="0.000" /><testcase classname="backend.tests.unit.test_model_profiles" name="test_missing_role_raises" time="0.001" /><testcase classname="backend.tests.unit.test_openrouter_errors" name="test_map_http_429_and_402" time="0.000" /><testcase classname="backend.tests.unit.test_openrouter_errors" name="test_map_openrouter_error_body" time="0.000" /><testcase classname="backend.tests.unit.test_openrouter_errors" name="test_capability_probe_stub" time="0.001" /><testcase classname="backend.tests.unit.test_phase_clock" name="test_advance_dawn_to_sunrise" time="0.000" /><testcase classname="backend.tests.unit.test_phase_clock" name="test_advance_midnight_rolls_day" time="0.000" /><testcase classname="backend.tests.unit.test_seed_ids" name="test_seed_uuid_stable" time="0.000" /><testcase classname="backend.tests.unit.test_seed_ids" name="test_load_and_validate_stage0_pack" time="0.009" /><testcase classname="backend.tests.unit.test_seed_ids" name="test_broken_location_reference_fails_validation" time="0.009" /><testcase classname="backend.tests.unit.test_settings" name="test_stage0_profile_loads_and_validates" time="0.001" /><testcase classname="backend.tests.unit.test_settings" name="test_test_profile_loads" time="0.001" /><testcase classname="backend.tests.unit.test_settings" name="test_public_bind_without_auth_rejected" time="0.001" /><testcase classname="backend.tests.unit.test_settings" name="test_public_bind_allowed_with_override" time="0.001" /><testcase classname="backend.tests.unit.test_settings" name="test_embedding_dimension_mismatch_rejected" time="0.001" /><testcase classname="backend.tests.unit.test_task_transitions" name="test_terminal_states" time="0.000" /><testcase classname="backend.tests.unit.test_task_transitions" name="test_pending_claimable_without_lease" time="0.000" /><testcase classname="backend.tests.unit.test_task_transitions" name="test_pending_not_claimable_before_available_at" time="0.000" /><testcase classname="backend.tests.unit.test_task_transitions" name="test_claimed_reclaimable_only_when_expired" time="0.000" /><testcase classname="backend.tests.unit.test_task_transitions" name="test_succeeded_never_claimable" time="0.159" /></testsuite></testsuites>